0 verbose cli /Users/adarshsingh/Desktop/HackNite/Sin-City-Hacknite/.node/bin/node /Users/adarshsingh/Desktop/HackNite/Sin-City-Hacknite/.node/bin/npm
1 info using npm@10.7.0
2 info using node@v20.14.0
3 silly config:load:file:/Users/adarshsingh/Desktop/HackNite/Sin-City-Hacknite/.node/lib/node_modules/npm/npmrc
4 silly config:load:file:/Users/adarshsingh/Desktop/HackNite/Sin-City-Hacknite/sin-city/frontend/.npmrc
5 silly config:load:file:/Users/adarshsingh/.npmrc
6 silly config:load:file:/Users/adarshsingh/Desktop/HackNite/Sin-City-Hacknite/.node/etc/npmrc
7 verbose title npm install
8 verbose argv "install"
9 verbose logfile logs-max:10 dir:/Users/adarshsingh/Desktop/HackNite/Sin-City-Hacknite/.npm-cache/_logs/2026-04-09T17_42_34_669Z-
10 verbose logfile /Users/adarshsingh/Desktop/HackNite/Sin-City-Hacknite/.npm-cache/_logs/2026-04-09T17_42_34_669Z-debug-0.log
11 silly logfile start cleaning logs, removing 1 files
12 silly logfile done cleaning log files
13 silly idealTree buildDeps
14 warn EBADENGINE Unsupported engine {
14 warn EBADENGINE   package: 'eslint-visitor-keys@5.0.1',
14 warn EBADENGINE   required: { node: '^20.19.0 || ^22.13.0 || >=24' },
14 warn EBADENGINE   current: { node: 'v20.14.0', npm: '10.7.0' }
14 warn EBADENGINE }
15 silly reify moves {}
16 silly audit bulk request {
16 silly audit   '@alloc/quick-lru': [ '5.2.0' ],
16 silly audit   '@babel/code-frame': [ '7.29.0' ],
16 silly audit   '@babel/compat-data': [ '7.29.0' ],
16 silly audit   '@babel/core': [ '7.29.0' ],
16 silly audit   '@babel/generator': [ '7.29.1' ],
16 silly audit   '@babel/helper-compilation-targets': [ '7.28.6' ],
16 silly audit   '@babel/helper-globals': [ '7.28.0' ],
16 silly audit   '@babel/helper-module-imports': [ '7.28.6' ],
16 silly audit   '@babel/helper-module-transforms': [ '7.28.6' ],
16 silly audit   '@babel/helper-plugin-utils': [ '7.28.6' ],
16 silly audit   '@babel/helper-string-parser': [ '7.27.1' ],
16 silly audit   '@babel/helper-validator-identifier': [ '7.28.5' ],
16 silly audit   '@babel/helper-validator-option': [ '7.27.1' ],
16 silly audit   '@babel/helpers': [ '7.29.2' ],
16 silly audit   '@babel/parser': [ '7.29.2' ],
16 silly audit   '@babel/plugin-transform-react-jsx-self': [ '7.27.1' ],
16 silly audit   '@babel/plugin-transform-react-jsx-source': [ '7.27.1' ],
16 silly audit   '@babel/template': [ '7.28.6' ],
16 silly audit   '@babel/traverse': [ '7.29.0' ],
16 silly audit   '@babel/types': [ '7.29.0' ],
16 silly audit   '@esbuild/aix-ppc64': [ '0.21.5' ],
16 silly audit   '@esbuild/android-arm': [ '0.21.5' ],
16 silly audit   '@esbuild/android-arm64': [ '0.21.5' ],
16 silly audit   '@esbuild/android-x64': [ '0.21.5' ],
16 silly audit   '@esbuild/darwin-arm64': [ '0.21.5' ],
16 silly audit   '@esbuild/darwin-x64': [ '0.21.5' ],
16 silly audit   '@esbuild/freebsd-arm64': [ '0.21.5' ],
16 silly audit   '@esbuild/freebsd-x64': [ '0.21.5' ],
16 silly audit   '@esbuild/linux-arm': [ '0.21.5' ],
16 silly audit   '@esbuild/linux-arm64': [ '0.21.5' ],
16 silly audit   '@esbuild/linux-ia32': [ '0.21.5' ],
16 silly audit   '@esbuild/linux-loong64': [ '0.21.5' ],
16 silly audit   '@esbuild/linux-mips64el': [ '0.21.5' ],
16 silly audit   '@esbuild/linux-ppc64': [ '0.21.5' ],
16 silly audit   '@esbuild/linux-riscv64': [ '0.21.5' ],
16 silly audit   '@esbuild/linux-s390x': [ '0.21.5' ],
16 silly audit   '@esbuild/linux-x64': [ '0.21.5' ],
16 silly audit   '@esbuild/netbsd-x64': [ '0.21.5' ],
16 silly audit   '@esbuild/openbsd-x64': [ '0.21.5' ],
16 silly audit   '@esbuild/sunos-x64': [ '0.21.5' ],
16 silly audit   '@esbuild/win32-arm64': [ '0.21.5' ],
16 silly audit   '@esbuild/win32-ia32': [ '0.21.5' ],
16 silly audit   '@esbuild/win32-x64': [ '0.21.5' ],
16 silly audit   '@eslint-community/eslint-utils': [ '4.9.1' ],
16 silly audit   'eslint-visitor-keys': [ '3.4.3', '5.0.1', '4.2.1' ],
16 silly audit   '@eslint-community/regexpp': [ '4.12.2' ],
16 silly audit   '@eslint/config-array': [ '0.21.2' ],
16 silly audit   '@eslint/config-helpers': [ '0.4.2' ],
16 silly audit   '@eslint/core': [ '0.17.0' ],
16 silly audit   '@eslint/eslintrc': [ '3.3.5' ],
16 silly audit   globals: [ '14.0.0', '15.15.0' ],
16 silly audit   '@eslint/js': [ '9.39.4' ],
16 silly audit   '@eslint/object-schema': [ '2.1.7' ],
16 silly audit   '@eslint/plugin-kit': [ '0.4.1' ],
16 silly audit   '@gsap/react': [ '2.1.2' ],
16 silly audit   '@humanfs/core': [ '0.19.1' ],
16 silly audit   '@humanfs/node': [ '0.16.7' ],
16 silly audit   '@humanwhocodes/module-importer': [ '1.0.1' ],
16 silly audit   '@humanwhocodes/retry': [ '0.4.3' ],
16 silly audit   '@jridgewell/gen-mapping': [ '0.3.13' ],
16 silly audit   '@jridgewell/remapping': [ '2.3.5' ],
16 silly audit   '@jridgewell/resolve-uri': [ '3.1.2' ],
16 silly audit   '@jridgewell/sourcemap-codec': [ '1.5.5' ],
16 silly audit   '@jridgewell/trace-mapping': [ '0.3.31' ],
16 silly audit   '@nodelib/fs.scandir': [ '2.1.5' ],
16 silly audit   '@nodelib/fs.stat': [ '2.0.5' ],
16 silly audit   '@nodelib/fs.walk': [ '1.2.8' ],
16 silly audit   '@remix-run/router': [ '1.23.2' ],
16 silly audit   '@rolldown/pluginutils': [ '1.0.0-beta.27' ],
16 silly audit   '@rollup/rollup-android-arm-eabi': [ '4.60.1' ],
16 silly audit   '@rollup/rollup-android-arm64': [ '4.60.1' ],
16 silly audit   '@rollup/rollup-darwin-arm64': [ '4.60.1' ],
16 silly audit   '@rollup/rollup-darwin-x64': [ '4.60.1' ],
16 silly audit   '@rollup/rollup-freebsd-arm64': [ '4.60.1' ],
16 silly audit   '@rollup/rollup-freebsd-x64': [ '4.60.1' ],
16 silly audit   '@rollup/rollup-linux-arm-gnueabihf': [ '4.60.1' ],
16 silly audit   '@rollup/rollup-linux-arm-musleabihf': [ '4.60.1' ],
16 silly audit   '@rollup/rollup-linux-arm64-gnu': [ '4.60.1' ],
16 silly audit   '@rollup/rollup-linux-arm64-musl': [ '4.60.1' ],
16 silly audit   '@rollup/rollup-linux-loong64-gnu': [ '4.60.1' ],
16 silly audit   '@rollup/rollup-linux-loong64-musl': [ '4.60.1' ],
16 silly audit   '@rollup/rollup-linux-ppc64-gnu': [ '4.60.1' ],
16 silly audit   '@rollup/rollup-linux-ppc64-musl': [ '4.60.1' ],
16 silly audit   '@rollup/rollup-linux-riscv64-gnu': [ '4.60.1' ],
16 silly audit   '@rollup/rollup-linux-riscv64-musl': [ '4.60.1' ],
16 silly audit   '@rollup/rollup-linux-s390x-gnu': [ '4.60.1' ],
16 silly audit   '@rollup/rollup-linux-x64-gnu': [ '4.60.1' ],
16 silly audit   '@rollup/rollup-linux-x64-musl': [ '4.60.1' ],
16 silly audit   '@rollup/rollup-openbsd-x64': [ '4.60.1' ],
16 silly audit   '@rollup/rollup-openharmony-arm64': [ '4.60.1' ],
16 silly audit   '@rollup/rollup-win32-arm64-msvc': [ '4.60.1' ],
16 silly audit   '@rollup/rollup-win32-ia32-msvc': [ '4.60.1' ],
16 silly audit   '@rollup/rollup-win32-x64-gnu': [ '4.60.1' ],
16 silly audit   '@rollup/rollup-win32-x64-msvc': [ '4.60.1' ],
16 silly audit   '@types/babel__core': [ '7.20.5' ],
16 silly audit   '@types/babel__generator': [ '7.27.0' ],
16 silly audit   '@types/babel__template': [ '7.4.4' ],
16 silly audit   '@types/babel__traverse': [ '7.28.0' ],
16 silly audit   '@types/canvas-confetti': [ '1.9.0' ],
16 silly audit   '@types/estree': [ '1.0.8' ],
16 silly audit   '@types/howler': [ '2.2.12' ],
16 silly audit   '@types/json-schema': [ '7.0.15' ],
16 silly audit   '@types/prop-types': [ '15.7.15' ],
16 silly audit   '@types/react': [ '18.3.28' ],
16 silly audit   '@types/react-dom': [ '18.3.7' ],
16 silly audit   '@typescript-eslint/eslint-plugin': [ '8.58.1' ],
16 silly audit   ignore: [ '7.0.5', '5.3.2' ],
16 silly audit   '@typescript-eslint/parser': [ '8.58.1' ],
16 silly audit   '@typescript-eslint/project-service': [ '8.58.1' ],
16 silly audit   '@typescript-eslint/scope-manager': [ '8.58.1' ],
16 silly audit   '@typescript-eslint/tsconfig-utils': [ '8.58.1' ],
16 silly audit   '@typescript-eslint/type-utils': [ '8.58.1' ],
16 silly audit   '@typescript-eslint/types': [ '8.58.1' ],
16 silly audit   '@typescript-eslint/typescript-estree': [ '8.58.1' ],
16 silly audit   'balanced-match': [ '4.0.4', '1.0.2' ],
16 silly audit   'brace-expansion': [ '5.0.5', '1.1.13' ],
16 silly audit   minimatch: [ '10.2.5', '3.1.5' ],
16 silly audit   semver: [ '7.7.4', '6.3.1' ],
16 silly audit   '@typescript-eslint/utils': [ '8.58.1' ],
16 silly audit   '@typescript-eslint/visitor-keys': [ '8.58.1' ],
16 silly audit   '@vitejs/plugin-react': [ '4.7.0' ],
16 silly audit   acorn: [ '8.16.0' ],
16 silly audit   'acorn-jsx': [ '5.3.2' ],
16 silly audit   ajv: [ '6.14.0' ],
16 silly audit   'ansi-styles': [ '4.3.0' ],
16 silly audit   'any-promise': [ '1.3.0' ],
16 silly audit   anymatch: [ '3.1.3' ],
16 silly audit   picomatch: [ '2.3.2', '4.0.4' ],
16 silly audit   arg: [ '5.0.2' ],
16 silly audit   argparse: [ '2.0.1' ],
16 silly audit   asynckit: [ '0.4.0' ],
16 silly audit   autoprefixer: [ '10.4.27' ],
16 silly audit   axios: [ '1.15.0' ],
16 silly audit   'baseline-browser-mapping': [ '2.10.16' ],
16 silly audit   'binary-extensions': [ '2.3.0' ],
16 silly audit   braces: [ '3.0.3' ],
16 silly audit   browserslist: [ '4.28.2' ],
16 silly audit   'call-bind-apply-helpers': [ '1.0.2' ],
16 silly audit   callsites: [ '3.1.0' ],
16 silly audit   'camelcase-css': [ '2.0.1' ],
16 silly audit   'caniuse-lite': [ '1.0.30001787' ],
16 silly audit   'canvas-confetti': [ '1.9.4' ],
16 silly audit   chalk: [ '4.1.2' ],
16 silly audit   chokidar: [ '3.6.0' ],
16 silly audit   'glob-parent': [ '5.1.2', '6.0.2' ],
16 silly audit   'color-convert': [ '2.0.1' ],
16 silly audit   'color-name': [ '1.1.4' ],
16 silly audit   'combined-stream': [ '1.0.8' ],
16 silly audit   commander: [ '4.1.1' ],
16 silly audit   'concat-map': [ '0.0.1' ],
16 silly audit   'convert-source-map': [ '2.0.0' ],
16 silly audit   'cross-spawn': [ '7.0.6' ],
16 silly audit   cssesc: [ '3.0.0' ],
16 silly audit   csstype: [ '3.2.3' ],
16 silly audit   debug: [ '4.4.3' ],
16 silly audit   'deep-is': [ '0.1.4' ],
16 silly audit   'delayed-stream': [ '1.0.0' ],
16 silly audit   didyoumean: [ '1.2.2' ],
16 silly audit   dlv: [ '1.1.3' ],
16 silly audit   'dunder-proto': [ '1.0.1' ],
16 silly audit   'electron-to-chromium': [ '1.5.334' ],
16 silly audit   'es-define-property': [ '1.0.1' ],
16 silly audit   'es-errors': [ '1.3.0' ],
16 silly audit   'es-object-atoms': [ '1.1.1' ],
16 silly audit   'es-set-tostringtag': [ '2.1.0' ],
16 silly audit   esbuild: [ '0.21.5' ],
16 silly audit   escalade: [ '3.2.0' ],
16 silly audit   'escape-string-regexp': [ '4.0.0' ],
16 silly audit   eslint: [ '9.39.4' ],
16 silly audit   'eslint-plugin-react-hooks': [ '5.2.0' ],
16 silly audit   'eslint-plugin-react-refresh': [ '0.4.26' ],
16 silly audit   'eslint-scope': [ '8.4.0' ],
16 silly audit   espree: [ '10.4.0' ],
16 silly audit   esquery: [ '1.7.0' ],
16 silly audit   esrecurse: [ '4.3.0' ],
16 silly audit   estraverse: [ '5.3.0' ],
16 silly audit   esutils: [ '2.0.3' ],
16 silly audit   'fast-deep-equal': [ '3.1.3' ],
16 silly audit   'fast-glob': [ '3.3.3' ],
16 silly audit   'fast-json-stable-stringify': [ '2.1.0' ],
16 silly audit   'fast-levenshtein': [ '2.0.6' ],
16 silly audit   fastq: [ '1.20.1' ],
16 silly audit   fdir: [ '6.5.0' ],
16 silly audit   'file-entry-cache': [ '8.0.0' ],
16 silly audit   'fill-range': [ '7.1.1' ],
16 silly audit   'find-up': [ '5.0.0' ],
16 silly audit   'flat-cache': [ '4.0.1' ],
16 silly audit   flatted: [ '3.4.2' ],
16 silly audit   'follow-redirects': [ '1.15.11' ],
16 silly audit   'form-data': [ '4.0.5' ],
16 silly audit   'fraction.js': [ '5.3.4' ],
16 silly audit   'framer-motion': [ '12.38.0' ],
16 silly audit   fsevents: [ '2.3.3' ],
16 silly audit   'function-bind': [ '1.1.2' ],
16 silly audit   gensync: [ '1.0.0-beta.2' ],
16 silly audit   'get-intrinsic': [ '1.3.0' ],
16 silly audit   'get-proto': [ '1.0.1' ],
16 silly audit   gopd: [ '1.2.0' ],
16 silly audit   gsap: [ '3.14.2' ],
16 silly audit   'has-flag': [ '4.0.0' ],
16 silly audit   'has-symbols': [ '1.1.0' ],
16 silly audit   'has-tostringtag': [ '1.0.2' ],
16 silly audit   hasown: [ '2.0.2' ],
16 silly audit   howler: [ '2.2.4' ],
16 silly audit   'import-fresh': [ '3.3.1' ],
16 silly audit   imurmurhash: [ '0.1.4' ],
16 silly audit   'is-binary-path': [ '2.1.0' ],
16 silly audit   'is-core-module': [ '2.16.1' ],
16 silly audit   'is-extglob': [ '2.1.1' ],
16 silly audit   'is-glob': [ '4.0.3' ],
16 silly audit   'is-number': [ '7.0.0' ],
16 silly audit   isexe: [ '2.0.0' ],
16 silly audit   jiti: [ '1.21.7' ],
16 silly audit   'js-tokens': [ '4.0.0' ],
16 silly audit   'js-yaml': [ '4.1.1' ],
16 silly audit   jsesc: [ '3.1.0' ],
16 silly audit   'json-buffer': [ '3.0.1' ],
16 silly audit   'json-schema-traverse': [ '0.4.1' ],
16 silly audit   'json-stable-stringify-without-jsonify': [ '1.0.1' ],
16 silly audit   json5: [ '2.2.3' ],
16 silly audit   keyv: [ '4.5.4' ],
16 silly audit   levn: [ '0.4.1' ],
16 silly audit   lilconfig: [ '3.1.3' ],
16 silly audit   'lines-and-columns': [ '1.2.4' ],
16 silly audit   'locate-path': [ '6.0.0' ],
16 silly audit   'lodash.merge': [ '4.6.2' ],
16 silly audit   'loose-envify': [ '1.4.0' ],
16 silly audit   'lru-cache': [ '5.1.1' ],
16 silly audit   'lucide-react': [ '1.7.0' ],
16 silly audit   'math-intrinsics': [ '1.1.0' ],
16 silly audit   merge2: [ '1.4.1' ],
16 silly audit   micromatch: [ '4.0.8' ],
16 silly audit   'mime-db': [ '1.52.0' ],
16 silly audit   'mime-types': [ '2.1.35' ],
16 silly audit   'motion-dom': [ '12.38.0' ],
16 silly audit   'motion-utils': [ '12.36.0' ],
16 silly audit   ms: [ '2.1.3' ],
16 silly audit   mz: [ '2.7.0' ],
16 silly audit   nanoid: [ '3.3.11' ],
16 silly audit   'natural-compare': [ '1.4.0' ],
16 silly audit   'node-releases': [ '2.0.37' ],
16 silly audit   'normalize-path': [ '3.0.0' ],
16 silly audit   'object-assign': [ '4.1.1' ],
16 silly audit   'object-hash': [ '3.0.0' ],
16 silly audit   optionator: [ '0.9.4' ],
16 silly audit   'p-limit': [ '3.1.0' ],
16 silly audit   'p-locate': [ '5.0.0' ],
16 silly audit   'parent-module': [ '1.0.1' ],
16 silly audit   'path-exists': [ '4.0.0' ],
16 silly audit   'path-key': [ '3.1.1' ],
16 silly audit   'path-parse': [ '1.0.7' ],
16 silly audit   picocolors: [ '1.1.1' ],
16 silly audit   pify: [ '2.3.0' ],
16 silly audit   pirates: [ '4.0.7' ],
16 silly audit   postcss: [ '8.5.9' ],
16 silly audit   'postcss-import': [ '15.1.0' ],
16 silly audit   'postcss-js': [ '4.1.0' ],
16 silly audit   'postcss-load-config': [ '6.0.1' ],
16 silly audit   'postcss-nested': [ '6.2.0' ],
16 silly audit   'postcss-selector-parser': [ '6.1.2' ],
16 silly audit   'postcss-value-parser': [ '4.2.0' ],
16 silly audit   'prelude-ls': [ '1.2.1' ],
16 silly audit   'proxy-from-env': [ '2.1.0' ],
16 silly audit   punycode: [ '2.3.1' ],
16 silly audit   'queue-microtask': [ '1.2.3' ],
16 silly audit   react: [ '18.3.1' ],
16 silly audit   'react-dom': [ '18.3.1' ],
16 silly audit   'react-refresh': [ '0.17.0' ],
16 silly audit   'react-router': [ '6.30.3' ],
16 silly audit   'react-router-dom': [ '6.30.3' ],
16 silly audit   'read-cache': [ '1.0.0' ],
16 silly audit   readdirp: [ '3.6.0' ],
16 silly audit   resolve: [ '1.22.11' ],
16 silly audit   'resolve-from': [ '4.0.0' ],
16 silly audit   reusify: [ '1.1.0' ],
16 silly audit   rollup: [ '4.60.1' ],
16 silly audit   'run-parallel': [ '1.2.0' ],
16 silly audit   scheduler: [ '0.23.2' ],
16 silly audit   'shebang-command': [ '2.0.0' ],
16 silly audit   'shebang-regex': [ '3.0.0' ],
16 silly audit   'source-map-js': [ '1.2.1' ],
16 silly audit   'strip-json-comments': [ '3.1.1' ],
16 silly audit   sucrase: [ '3.35.1' ],
16 silly audit   'supports-color': [ '7.2.0' ],
16 silly audit   'supports-preserve-symlinks-flag': [ '1.0.0' ],
16 silly audit   tailwindcss: [ '3.4.19' ],
16 silly audit   thenify: [ '3.3.1' ],
16 silly audit   'thenify-all': [ '1.6.0' ],
16 silly audit   tinyglobby: [ '0.2.16' ],
16 silly audit   'to-regex-range': [ '5.0.1' ],
16 silly audit   'ts-api-utils': [ '2.5.0' ],
16 silly audit   'ts-interface-checker': [ '0.1.13' ],
16 silly audit   tslib: [ '2.8.1' ],
16 silly audit   'type-check': [ '0.4.0' ],
16 silly audit   typescript: [ '5.6.3' ],
16 silly audit   'typescript-eslint': [ '8.58.1' ],
16 silly audit   'update-browserslist-db': [ '1.2.3' ],
16 silly audit   'uri-js': [ '4.4.1' ],
16 silly audit   'util-deprecate': [ '1.0.2' ],
16 silly audit   vite: [ '5.4.21' ],
16 silly audit   which: [ '2.0.2' ],
16 silly audit   'word-wrap': [ '1.2.5' ],
16 silly audit   yallist: [ '3.1.1' ],
16 silly audit   'yocto-queue': [ '0.1.0' ],
16 silly audit   zustand: [ '5.0.12' ]
16 silly audit }
17 verbose reify failed optional dependency /Users/adarshsingh/Desktop/HackNite/Sin-City-Hacknite/sin-city/frontend/node_modules/@rollup/rollup-win32-x64-msvc
18 silly reify mark deleted [
18 silly reify   '/Users/adarshsingh/Desktop/HackNite/Sin-City-Hacknite/sin-city/frontend/node_modules/@rollup/rollup-win32-x64-msvc'
18 silly reify ]
19 verbose reify failed optional dependency /Users/adarshsingh/Desktop/HackNite/Sin-City-Hacknite/sin-city/frontend/node_modules/@rollup/rollup-win32-x64-gnu
20 silly reify mark deleted [
20 silly reify   '/Users/adarshsingh/Desktop/HackNite/Sin-City-Hacknite/sin-city/frontend/node_modules/@rollup/rollup-win32-x64-gnu'
20 silly reify ]
21 verbose reify failed optional dependency /Users/adarshsingh/Desktop/HackNite/Sin-City-Hacknite/sin-city/frontend/node_modules/@rollup/rollup-win32-ia32-msvc
22 silly reify mark deleted [
22 silly reify   '/Users/adarshsingh/Desktop/HackNite/Sin-City-Hacknite/sin-city/frontend/node_modules/@rollup/rollup-win32-ia32-msvc'
22 silly reify ]
23 verbose reify failed optional dependency /Users/adarshsingh/Desktop/HackNite/Sin-City-Hacknite/sin-city/frontend/node_modules/@rollup/rollup-win32-arm64-msvc
24 silly reify mark deleted [
24 silly reify   '/Users/adarshsingh/Desktop/HackNite/Sin-City-Hacknite/sin-city/frontend/node_modules/@rollup/rollup-win32-arm64-msvc'
24 silly reify ]
25 verbose reify failed optional dependency /Users/adarshsingh/Desktop/HackNite/Sin-City-Hacknite/sin-city/frontend/node_modules/@rollup/rollup-openharmony-arm64
26 silly reify mark deleted [
26 silly reify   '/Users/adarshsingh/Desktop/HackNite/Sin-City-Hacknite/sin-city/frontend/node_modules/@rollup/rollup-openharmony-arm64'
26 silly reify ]
27 verbose reify failed optional dependency /Users/adarshsingh/Desktop/HackNite/Sin-City-Hacknite/sin-city/frontend/node_modules/@rollup/rollup-openbsd-x64
28 silly reify mark deleted [
28 silly reify   '/Users/adarshsingh/Desktop/HackNite/Sin-City-Hacknite/sin-city/frontend/node_modules/@rollup/rollup-openbsd-x64'
28 silly reify ]
29 verbose reify failed optional dependency /Users/adarshsingh/Desktop/HackNite/Sin-City-Hacknite/sin-city/frontend/node_modules/@rollup/rollup-linux-x64-musl
30 silly reify mark deleted [
30 silly reify   '/Users/adarshsingh/Desktop/HackNite/Sin-City-Hacknite/sin-city/frontend/node_modules/@rollup/rollup-linux-x64-musl'
30 silly reify ]
31 verbose reify failed optional dependency /Users/adarshsingh/Desktop/HackNite/Sin-City-Hacknite/sin-city/frontend/node_modules/@rollup/rollup-linux-x64-gnu
32 silly reify mark deleted [
32 silly reify   '/Users/adarshsingh/Desktop/HackNite/Sin-City-Hacknite/sin-city/frontend/node_modules/@rollup/rollup-linux-x64-gnu'
32 silly reify ]
33 verbose reify failed optional dependency /Users/adarshsingh/Desktop/HackNite/Sin-City-Hacknite/sin-city/frontend/node_modules/@rollup/rollup-linux-s390x-gnu
34 silly reify mark deleted [
34 silly reify   '/Users/adarshsingh/Desktop/HackNite/Sin-City-Hacknite/sin-city/frontend/node_modules/@rollup/rollup-linux-s390x-gnu'
34 silly reify ]
35 verbose reify failed optional dependency /Users/adarshsingh/Desktop/HackNite/Sin-City-Hacknite/sin-city/frontend/node_modules/@rollup/rollup-linux-riscv64-musl
36 silly reify mark deleted [
36 silly reify   '/Users/adarshsingh/Desktop/HackNite/Sin-City-Hacknite/sin-city/frontend/node_modules/@rollup/rollup-linux-riscv64-musl'
36 silly reify ]
37 verbose reify failed optional dependency /Users/adarshsingh/Desktop/HackNite/Sin-City-Hacknite/sin-city/frontend/node_modules/@rollup/rollup-linux-riscv64-gnu
38 silly reify mark deleted [
38 silly reify   '/Users/adarshsingh/Desktop/HackNite/Sin-City-Hacknite/sin-city/frontend/node_modules/@rollup/rollup-linux-riscv64-gnu'
38 silly reify ]
39 verbose reify failed optional dependency /Users/adarshsingh/Desktop/HackNite/Sin-City-Hacknite/sin-city/frontend/node_modules/@rollup/rollup-linux-ppc64-musl
40 silly reify mark deleted [
40 silly reify   '/Users/adarshsingh/Desktop/HackNite/Sin-City-Hacknite/sin-city/frontend/node_modules/@rollup/rollup-linux-ppc64-musl'
40 silly reify ]
41 verbose reify failed optional dependency /Users/adarshsingh/Desktop/HackNite/Sin-City-Hacknite/sin-city/frontend/node_modules/@rollup/rollup-linux-ppc64-gnu
42 silly reify mark deleted [
42 silly reify   '/Users/adarshsingh/Desktop/HackNite/Sin-City-Hacknite/sin-city/frontend/node_modules/@rollup/rollup-linux-ppc64-gnu'
42 silly reify ]
43 verbose reify failed optional dependency /Users/adarshsingh/Desktop/HackNite/Sin-City-Hacknite/sin-city/frontend/node_modules/@rollup/rollup-linux-loong64-musl
44 silly reify mark deleted [
44 silly reify   '/Users/adarshsingh/Desktop/HackNite/Sin-City-Hacknite/sin-city/frontend/node_modules/@rollup/rollup-linux-loong64-musl'
44 silly reify ]
45 verbose reify failed optional dependency /Users/adarshsingh/Desktop/HackNite/Sin-City-Hacknite/sin-city/frontend/node_modules/@rollup/rollup-linux-loong64-gnu
46 silly reify mark deleted [
46 silly reify   '/Users/adarshsingh/Desktop/HackNite/Sin-City-Hacknite/sin-city/frontend/node_modules/@rollup/rollup-linux-loong64-gnu'
46 silly reify ]
47 verbose reify failed optional dependency /Users/adarshsingh/Desktop/HackNite/Sin-City-Hacknite/sin-city/frontend/node_modules/@rollup/rollup-linux-arm64-musl
48 silly reify mark deleted [
48 silly reify   '/Users/adarshsingh/Desktop/HackNite/Sin-City-Hacknite/sin-city/frontend/node_modules/@rollup/rollup-linux-arm64-musl'
48 silly reify ]
49 verbose reify failed optional dependency /Users/adarshsingh/Desktop/HackNite/Sin-City-Hacknite/sin-city/frontend/node_modules/@rollup/rollup-linux-arm64-gnu
50 silly reify mark deleted [
50 silly reify   '/Users/adarshsingh/Desktop/HackNite/Sin-City-Hacknite/sin-city/frontend/node_modules/@rollup/rollup-linux-arm64-gnu'
50 silly reify ]
51 verbose reify failed optional dependency /Users/adarshsingh/Desktop/HackNite/Sin-City-Hacknite/sin-city/frontend/node_modules/@rollup/rollup-linux-arm-musleabihf
52 silly reify mark deleted [
52 silly reify   '/Users/adarshsingh/Desktop/HackNite/Sin-City-Hacknite/sin-city/frontend/node_modules/@rollup/rollup-linux-arm-musleabihf'
52 silly reify ]
53 verbose reify failed optional dependency /Users/adarshsingh/Desktop/HackNite/Sin-City-Hacknite/sin-city/frontend/node_modules/@rollup/rollup-linux-arm-gnueabihf
54 silly reify mark deleted [
54 silly reify   '/Users/adarshsingh/Desktop/HackNite/Sin-City-Hacknite/sin-city/frontend/node_modules/@rollup/rollup-linux-arm-gnueabihf'
54 silly reify ]
55 verbose reify failed optional dependency /Users/adarshsingh/Desktop/HackNite/Sin-City-Hacknite/sin-city/frontend/node_modules/@rollup/rollup-freebsd-x64
56 silly reify mark deleted [
56 silly reify   '/Users/adarshsingh/Desktop/HackNite/Sin-City-Hacknite/sin-city/frontend/node_modules/@rollup/rollup-freebsd-x64'
56 silly reify ]
57 verbose reify failed optional dependency /Users/adarshsingh/Desktop/HackNite/Sin-City-Hacknite/sin-city/frontend/node_modules/@rollup/rollup-freebsd-arm64
58 silly reify mark deleted [
58 silly reify   '/Users/adarshsingh/Desktop/HackNite/Sin-City-Hacknite/sin-city/frontend/node_modules/@rollup/rollup-freebsd-arm64'
58 silly reify ]
59 verbose reify failed optional dependency /Users/adarshsingh/Desktop/HackNite/Sin-City-Hacknite/sin-city/frontend/node_modules/@rollup/rollup-darwin-x64
60 silly reify mark deleted [
60 silly reify   '/Users/adarshsingh/Desktop/HackNite/Sin-City-Hacknite/sin-city/frontend/node_modules/@rollup/rollup-darwin-x64'
60 silly reify ]
61 verbose reify failed optional dependency /Users/adarshsingh/Desktop/HackNite/Sin-City-Hacknite/sin-city/frontend/node_modules/@rollup/rollup-android-arm64
62 silly reify mark deleted [
62 silly reify   '/Users/adarshsingh/Desktop/HackNite/Sin-City-Hacknite/sin-city/frontend/node_modules/@rollup/rollup-android-arm64'
62 silly reify ]
63 verbose reify failed optional dependency /Users/adarshsingh/Desktop/HackNite/Sin-City-Hacknite/sin-city/frontend/node_modules/@rollup/rollup-android-arm-eabi
64 silly reify mark deleted [
64 silly reify   '/Users/adarshsingh/Desktop/HackNite/Sin-City-Hacknite/sin-city/frontend/node_modules/@rollup/rollup-android-arm-eabi'
64 silly reify ]
65 verbose reify failed optional dependency /Users/adarshsingh/Desktop/HackNite/Sin-City-Hacknite/sin-city/frontend/node_modules/@esbuild/win32-x64
66 silly reify mark deleted [
66 silly reify   '/Users/adarshsingh/Desktop/HackNite/Sin-City-Hacknite/sin-city/frontend/node_modules/@esbuild/win32-x64'
66 silly reify ]
67 verbose reify failed optional dependency /Users/adarshsingh/Desktop/HackNite/Sin-City-Hacknite/sin-city/frontend/node_modules/@esbuild/win32-ia32
68 silly reify mark deleted [
68 silly reify   '/Users/adarshsingh/Desktop/HackNite/Sin-City-Hacknite/sin-city/frontend/node_modules/@esbuild/win32-ia32'
68 silly reify ]
69 verbose reify failed optional dependency /Users/adarshsingh/Desktop/HackNite/Sin-City-Hacknite/sin-city/frontend/node_modules/@esbuild/win32-arm64
70 silly reify mark deleted [
70 silly reify   '/Users/adarshsingh/Desktop/HackNite/Sin-City-Hacknite/sin-city/frontend/node_modules/@esbuild/win32-arm64'
70 silly reify ]
71 verbose reify failed optional dependency /Users/adarshsingh/Desktop/HackNite/Sin-City-Hacknite/sin-city/frontend/node_modules/@esbuild/sunos-x64
72 silly reify mark deleted [
72 silly reify   '/Users/adarshsingh/Desktop/HackNite/Sin-City-Hacknite/sin-city/frontend/node_modules/@esbuild/sunos-x64'
72 silly reify ]
73 verbose reify failed optional dependency /Users/adarshsingh/Desktop/HackNite/Sin-City-Hacknite/sin-city/frontend/node_modules/@esbuild/openbsd-x64
74 silly reify mark deleted [
74 silly reify   '/Users/adarshsingh/Desktop/HackNite/Sin-City-Hacknite/sin-city/frontend/node_modules/@esbuild/openbsd-x64'
74 silly reify ]
75 verbose reify failed optional dependency /Users/adarshsingh/Desktop/HackNite/Sin-City-Hacknite/sin-city/frontend/node_modules/@esbuild/netbsd-x64
76 silly reify mark deleted [
76 silly reify   '/Users/adarshsingh/Desktop/HackNite/Sin-City-Hacknite/sin-city/frontend/node_modules/@esbuild/netbsd-x64'
76 silly reify ]
77 verbose reify failed optional dependency /Users/adarshsingh/Desktop/HackNite/Sin-City-Hacknite/sin-city/frontend/node_modules/@esbuild/linux-x64
78 silly reify mark deleted [
78 silly reify   '/Users/adarshsingh/Desktop/HackNite/Sin-City-Hacknite/sin-city/frontend/node_modules/@esbuild/linux-x64'
78 silly reify ]
79 verbose reify failed optional dependency /Users/adarshsingh/Desktop/HackNite/Sin-City-Hacknite/sin-city/frontend/node_modules/@esbuild/linux-s390x
80 silly reify mark deleted [
80 silly reify   '/Users/adarshsingh/Desktop/HackNite/Sin-City-Hacknite/sin-city/frontend/node_modules/@esbuild/linux-s390x'
80 silly reify ]
81 verbose reify failed optional dependency /Users/adarshsingh/Desktop/HackNite/Sin-City-Hacknite/sin-city/frontend/node_modules/@esbuild/linux-riscv64
82 silly reify mark deleted [
82 silly reify   '/Users/adarshsingh/Desktop/HackNite/Sin-City-Hacknite/sin-city/frontend/node_modules/@esbuild/linux-riscv64'
82 silly reify ]
83 verbose reify failed optional dependency /Users/adarshsingh/Desktop/HackNite/Sin-City-Hacknite/sin-city/frontend/node_modules/@esbuild/linux-ppc64
84 silly reify mark deleted [
84 silly reify   '/Users/adarshsingh/Desktop/HackNite/Sin-City-Hacknite/sin-city/frontend/node_modules/@esbuild/linux-ppc64'
84 silly reify ]
85 verbose reify failed optional dependency /Users/adarshsingh/Desktop/HackNite/Sin-City-Hacknite/sin-city/frontend/node_modules/@esbuild/linux-mips64el
86 silly reify mark deleted [
86 silly reify   '/Users/adarshsingh/Desktop/HackNite/Sin-City-Hacknite/sin-city/frontend/node_modules/@esbuild/linux-mips64el'
86 silly reify ]
87 verbose reify failed optional dependency /Users/adarshsingh/Desktop/HackNite/Sin-City-Hacknite/sin-city/frontend/node_modules/@esbuild/linux-loong64
88 silly reify mark deleted [
88 silly reify   '/Users/adarshsingh/Desktop/HackNite/Sin-City-Hacknite/sin-city/frontend/node_modules/@esbuild/linux-loong64'
88 silly reify ]
89 verbose reify failed optional dependency /Users/adarshsingh/Desktop/HackNite/Sin-City-Hacknite/sin-city/frontend/node_modules/@esbuild/linux-ia32
90 silly reify mark deleted [
90 silly reify   '/Users/adarshsingh/Desktop/HackNite/Sin-City-Hacknite/sin-city/frontend/node_modules/@esbuild/linux-ia32'
90 silly reify ]
91 verbose reify failed optional dependency /Users/adarshsingh/Desktop/HackNite/Sin-City-Hacknite/sin-city/frontend/node_modules/@esbuild/linux-arm64
92 silly reify mark deleted [
92 silly reify   '/Users/adarshsingh/Desktop/HackNite/Sin-City-Hacknite/sin-city/frontend/node_modules/@esbuild/linux-arm64'
92 silly reify ]
93 verbose reify failed optional dependency /Users/adarshsingh/Desktop/HackNite/Sin-City-Hacknite/sin-city/frontend/node_modules/@esbuild/linux-arm
94 silly reify mark deleted [
94 silly reify   '/Users/adarshsingh/Desktop/HackNite/Sin-City-Hacknite/sin-city/frontend/node_modules/@esbuild/linux-arm'
94 silly reify ]
95 verbose reify failed optional dependency /Users/adarshsingh/Desktop/HackNite/Sin-City-Hacknite/sin-city/frontend/node_modules/@esbuild/freebsd-x64
96 silly reify mark deleted [
96 silly reify   '/Users/adarshsingh/Desktop/HackNite/Sin-City-Hacknite/sin-city/frontend/node_modules/@esbuild/freebsd-x64'
96 silly reify ]
97 verbose reify failed optional dependency /Users/adarshsingh/Desktop/HackNite/Sin-City-Hacknite/sin-city/frontend/node_modules/@esbuild/freebsd-arm64
98 silly reify mark deleted [
98 silly reify   '/Users/adarshsingh/Desktop/HackNite/Sin-City-Hacknite/sin-city/frontend/node_modules/@esbuild/freebsd-arm64'
98 silly reify ]
99 verbose reify failed optional dependency /Users/adarshsingh/Desktop/HackNite/Sin-City-Hacknite/sin-city/frontend/node_modules/@esbuild/darwin-x64
100 silly reify mark deleted [
100 silly reify   '/Users/adarshsingh/Desktop/HackNite/Sin-City-Hacknite/sin-city/frontend/node_modules/@esbuild/darwin-x64'
100 silly reify ]
101 verbose reify failed optional dependency /Users/adarshsingh/Desktop/HackNite/Sin-City-Hacknite/sin-city/frontend/node_modules/@esbuild/android-x64
102 silly reify mark deleted [
102 silly reify   '/Users/adarshsingh/Desktop/HackNite/Sin-City-Hacknite/sin-city/frontend/node_modules/@esbuild/android-x64'
102 silly reify ]
103 verbose reify failed optional dependency /Users/adarshsingh/Desktop/HackNite/Sin-City-Hacknite/sin-city/frontend/node_modules/@esbuild/android-arm64
104 silly reify mark deleted [
104 silly reify   '/Users/adarshsingh/Desktop/HackNite/Sin-City-Hacknite/sin-city/frontend/node_modules/@esbuild/android-arm64'
104 silly reify ]
105 verbose reify failed optional dependency /Users/adarshsingh/Desktop/HackNite/Sin-City-Hacknite/sin-city/frontend/node_modules/@esbuild/android-arm
106 silly reify mark deleted [
106 silly reify   '/Users/adarshsingh/Desktop/HackNite/Sin-City-Hacknite/sin-city/frontend/node_modules/@esbuild/android-arm'
106 silly reify ]
107 verbose reify failed optional dependency /Users/adarshsingh/Desktop/HackNite/Sin-City-Hacknite/sin-city/frontend/node_modules/@esbuild/aix-ppc64
108 silly reify mark deleted [
108 silly reify   '/Users/adarshsingh/Desktop/HackNite/Sin-City-Hacknite/sin-city/frontend/node_modules/@esbuild/aix-ppc64'
108 silly reify ]
109 http fetch POST 200 https://registry.npmjs.org/-/npm/v1/security/advisories/bulk 675ms
110 silly audit report {
110 silly audit report   esbuild: [
110 silly audit report     {
110 silly audit report       id: 1102341,
110 silly audit report       url: 'https://github.com/advisories/GHSA-67mh-4wv8-2f99',
110 silly audit report       title: 'esbuild enables any website to send any requests to the development server and read the response',
110 silly audit report       severity: 'moderate',
110 silly audit report       vulnerable_versions: '<=0.24.2',
110 silly audit report       cwe: [Array],
110 silly audit report       cvss: [Object]
110 silly audit report     }
110 silly audit report   ],
110 silly audit report   vite: [
110 silly audit report     {
110 silly audit report       id: 1116229,
110 silly audit report       url: 'https://github.com/advisories/GHSA-4w7w-66w2-5vf9',
110 silly audit report       title: 'Vite Vulnerable to Path Traversal in Optimized Deps `.map` Handling',
110 silly audit report       severity: 'moderate',
110 silly audit report       vulnerable_versions: '<=6.4.1',
110 silly audit report       cwe: [Array],
110 silly audit report       cvss: [Object]
110 silly audit report     }
110 silly audit report   ]
110 silly audit report }
111 http fetch GET 200 https://registry.npmjs.org/esbuild 119ms (cache revalidated)
112 http fetch GET 200 https://registry.npmjs.org/vite 179ms (cache revalidated)
113 http fetch GET 200 https://registry.npmjs.org/@vitejs%2fplugin-react 84ms (cache revalidated)
114 info run esbuild@0.21.5 postinstall node_modules/esbuild node install.js
115 info run esbuild@0.21.5 postinstall { code: 0, signal: null }
116 silly ADD node_modules/zustand
117 silly ADD node_modules/yocto-queue
118 silly ADD node_modules/yallist
119 silly ADD node_modules/word-wrap
120 silly ADD node_modules/which
121 silly ADD node_modules/vite
122 silly ADD node_modules/util-deprecate
123 silly ADD node_modules/uri-js
124 silly ADD node_modules/update-browserslist-db
125 silly ADD node_modules/typescript-eslint
126 silly ADD node_modules/typescript
127 silly ADD node_modules/type-check
128 silly ADD node_modules/tslib
129 silly ADD node_modules/ts-interface-checker
130 silly ADD node_modules/ts-api-utils
131 silly ADD node_modules/to-regex-range
132 silly ADD node_modules/tinyglobby
133 silly ADD node_modules/thenify-all
134 silly ADD node_modules/thenify
135 silly ADD node_modules/tailwindcss
136 silly ADD node_modules/supports-preserve-symlinks-flag
137 silly ADD node_modules/supports-color
138 silly ADD node_modules/sucrase
139 silly ADD node_modules/strip-json-comments
140 silly ADD node_modules/source-map-js
141 silly ADD node_modules/shebang-regex
142 silly ADD node_modules/shebang-command
143 silly ADD node_modules/semver
144 silly ADD node_modules/scheduler
145 silly ADD node_modules/run-parallel
146 silly ADD node_modules/rollup
147 silly ADD node_modules/reusify
148 silly ADD node_modules/resolve-from
149 silly ADD node_modules/resolve
150 silly ADD node_modules/readdirp
151 silly ADD node_modules/readdirp/node_modules/picomatch
152 silly ADD node_modules/read-cache
153 silly ADD node_modules/react-router-dom
154 silly ADD node_modules/react-router
155 silly ADD node_modules/react-refresh
156 silly ADD node_modules/react-dom
157 silly ADD node_modules/react
158 silly ADD node_modules/queue-microtask
159 silly ADD node_modules/punycode
160 silly ADD node_modules/proxy-from-env
161 silly ADD node_modules/prelude-ls
162 silly ADD node_modules/postcss-value-parser
163 silly ADD node_modules/postcss-selector-parser
164 silly ADD node_modules/postcss-nested
165 silly ADD node_modules/postcss-load-config
166 silly ADD node_modules/postcss-js
167 silly ADD node_modules/postcss-import
168 silly ADD node_modules/postcss
169 silly ADD node_modules/pirates
170 silly ADD node_modules/pify
171 silly ADD node_modules/picomatch
172 silly ADD node_modules/picocolors
173 silly ADD node_modules/path-parse
174 silly ADD node_modules/path-key
175 silly ADD node_modules/path-exists
176 silly ADD node_modules/parent-module
177 silly ADD node_modules/p-locate
178 silly ADD node_modules/p-limit
179 silly ADD node_modules/optionator
180 silly ADD node_modules/object-hash
181 silly ADD node_modules/object-assign
182 silly ADD node_modules/normalize-path
183 silly ADD node_modules/node-releases
184 silly ADD node_modules/natural-compare
185 silly ADD node_modules/nanoid
186 silly ADD node_modules/mz
187 silly ADD node_modules/ms
188 silly ADD node_modules/motion-utils
189 silly ADD node_modules/motion-dom
190 silly ADD node_modules/minimatch
191 silly ADD node_modules/mime-types
192 silly ADD node_modules/mime-db
193 silly ADD node_modules/micromatch
194 silly ADD node_modules/micromatch/node_modules/picomatch
195 silly ADD node_modules/merge2
196 silly ADD node_modules/math-intrinsics
197 silly ADD node_modules/lucide-react
198 silly ADD node_modules/lru-cache
199 silly ADD node_modules/loose-envify
200 silly ADD node_modules/lodash.merge
201 silly ADD node_modules/locate-path
202 silly ADD node_modules/lines-and-columns
203 silly ADD node_modules/lilconfig
204 silly ADD node_modules/levn
205 silly ADD node_modules/keyv
206 silly ADD node_modules/json5
207 silly ADD node_modules/json-stable-stringify-without-jsonify
208 silly ADD node_modules/json-schema-traverse
209 silly ADD node_modules/json-buffer
210 silly ADD node_modules/jsesc
211 silly ADD node_modules/js-yaml
212 silly ADD node_modules/js-tokens
213 silly ADD node_modules/jiti
214 silly ADD node_modules/isexe
215 silly ADD node_modules/is-number
216 silly ADD node_modules/is-glob
217 silly ADD node_modules/is-extglob
218 silly ADD node_modules/is-core-module
219 silly ADD node_modules/is-binary-path
220 silly ADD node_modules/imurmurhash
221 silly ADD node_modules/import-fresh
222 silly ADD node_modules/ignore
223 silly ADD node_modules/howler
224 silly ADD node_modules/hasown
225 silly ADD node_modules/has-tostringtag
226 silly ADD node_modules/has-symbols
227 silly ADD node_modules/has-flag
228 silly ADD node_modules/gsap
229 silly ADD node_modules/gopd
230 silly ADD node_modules/globals
231 silly ADD node_modules/glob-parent
232 silly ADD node_modules/get-proto
233 silly ADD node_modules/get-intrinsic
234 silly ADD node_modules/gensync
235 silly ADD node_modules/function-bind
236 silly ADD node_modules/fsevents
237 silly ADD node_modules/framer-motion
238 silly ADD node_modules/fraction.js
239 silly ADD node_modules/form-data
240 silly ADD node_modules/follow-redirects
241 silly ADD node_modules/flatted
242 silly ADD node_modules/flat-cache
243 silly ADD node_modules/find-up
244 silly ADD node_modules/fill-range
245 silly ADD node_modules/file-entry-cache
246 silly ADD node_modules/fdir
247 silly ADD node_modules/fastq
248 silly ADD node_modules/fast-levenshtein
249 silly ADD node_modules/fast-json-stable-stringify
250 silly ADD node_modules/fast-glob
251 silly ADD node_modules/fast-glob/node_modules/glob-parent
252 silly ADD node_modules/fast-deep-equal
253 silly ADD node_modules/esutils
254 silly ADD node_modules/estraverse
255 silly ADD node_modules/esrecurse
256 silly ADD node_modules/esquery
257 silly ADD node_modules/espree
258 silly ADD node_modules/eslint-visitor-keys
259 silly ADD node_modules/eslint-scope
260 silly ADD node_modules/eslint-plugin-react-refresh
261 silly ADD node_modules/eslint-plugin-react-hooks
262 silly ADD node_modules/eslint
263 silly ADD node_modules/escape-string-regexp
264 silly ADD node_modules/escalade
265 silly ADD node_modules/esbuild
266 silly ADD node_modules/es-set-tostringtag
267 silly ADD node_modules/es-object-atoms
268 silly ADD node_modules/es-errors
269 silly ADD node_modules/es-define-property
270 silly ADD node_modules/electron-to-chromium
271 silly ADD node_modules/dunder-proto
272 silly ADD node_modules/dlv
273 silly ADD node_modules/didyoumean
274 silly ADD node_modules/delayed-stream
275 silly ADD node_modules/deep-is
276 silly ADD node_modules/debug
277 silly ADD node_modules/csstype
278 silly ADD node_modules/cssesc
279 silly ADD node_modules/cross-spawn
280 silly ADD node_modules/convert-source-map
281 silly ADD node_modules/concat-map
282 silly ADD node_modules/commander
283 silly ADD node_modules/combined-stream
284 silly ADD node_modules/color-name
285 silly ADD node_modules/color-convert
286 silly ADD node_modules/chokidar
287 silly ADD node_modules/chokidar/node_modules/glob-parent
288 silly ADD node_modules/chalk
289 silly ADD node_modules/canvas-confetti
290 silly ADD node_modules/caniuse-lite
291 silly ADD node_modules/camelcase-css
292 silly ADD node_modules/callsites
293 silly ADD node_modules/call-bind-apply-helpers
294 silly ADD node_modules/browserslist
295 silly ADD node_modules/braces
296 silly ADD node_modules/brace-expansion
297 silly ADD node_modules/binary-extensions
298 silly ADD node_modules/baseline-browser-mapping
299 silly ADD node_modules/balanced-match
300 silly ADD node_modules/axios
301 silly ADD node_modules/autoprefixer
302 silly ADD node_modules/asynckit
303 silly ADD node_modules/argparse
304 silly ADD node_modules/arg
305 silly ADD node_modules/anymatch
306 silly ADD node_modules/anymatch/node_modules/picomatch
307 silly ADD node_modules/any-promise
308 silly ADD node_modules/ansi-styles
309 silly ADD node_modules/ajv
310 silly ADD node_modules/acorn-jsx
311 silly ADD node_modules/acorn
312 silly ADD node_modules/@vitejs/plugin-react
313 silly ADD node_modules/@typescript-eslint/visitor-keys
314 silly ADD node_modules/@typescript-eslint/visitor-keys/node_modules/eslint-visitor-keys
315 silly ADD node_modules/@typescript-eslint/utils
316 silly ADD node_modules/@typescript-eslint/typescript-estree
317 silly ADD node_modules/@typescript-eslint/typescript-estree/node_modules/semver
318 silly ADD node_modules/@typescript-eslint/typescript-estree/node_modules/minimatch
319 silly ADD node_modules/@typescript-eslint/typescript-estree/node_modules/brace-expansion
320 silly ADD node_modules/@typescript-eslint/typescript-estree/node_modules/balanced-match
321 silly ADD node_modules/@typescript-eslint/types
322 silly ADD node_modules/@typescript-eslint/type-utils
323 silly ADD node_modules/@typescript-eslint/tsconfig-utils
324 silly ADD node_modules/@typescript-eslint/scope-manager
325 silly ADD node_modules/@typescript-eslint/project-service
326 silly ADD node_modules/@typescript-eslint/parser
327 silly ADD node_modules/@typescript-eslint/eslint-plugin
328 silly ADD node_modules/@typescript-eslint/eslint-plugin/node_modules/ignore
329 silly ADD node_modules/@types/react-dom
330 silly ADD node_modules/@types/react
331 silly ADD node_modules/@types/prop-types
332 silly ADD node_modules/@types/json-schema
333 silly ADD node_modules/@types/howler
334 silly ADD node_modules/@types/estree
335 silly ADD node_modules/@types/canvas-confetti
336 silly ADD node_modules/@types/babel__traverse
337 silly ADD node_modules/@types/babel__template
338 silly ADD node_modules/@types/babel__generator
339 silly ADD node_modules/@types/babel__core
340 silly ADD
341 silly ADD
342 silly ADD
343 silly ADD
344 silly ADD
345 silly ADD
346 silly ADD
347 silly ADD
348 silly ADD
349 silly ADD
350 silly ADD
351 silly ADD
352 silly ADD
353 silly ADD
354 silly ADD
355 silly ADD
356 silly ADD
357 silly ADD
358 silly ADD
359 silly ADD
360 silly ADD
361 silly ADD
362 silly ADD node_modules/@rollup/rollup-darwin-arm64
363 silly ADD
364 silly ADD
365 silly ADD node_modules/@rolldown/pluginutils
366 silly ADD node_modules/@remix-run/router
367 silly ADD node_modules/@nodelib/fs.walk
368 silly ADD node_modules/@nodelib/fs.stat
369 silly ADD node_modules/@nodelib/fs.scandir
370 silly ADD node_modules/@jridgewell/trace-mapping
371 silly ADD node_modules/@jridgewell/sourcemap-codec
372 silly ADD node_modules/@jridgewell/resolve-uri
373 silly ADD node_modules/@jridgewell/remapping
374 silly ADD node_modules/@jridgewell/gen-mapping
375 silly ADD node_modules/@humanwhocodes/retry
376 silly ADD node_modules/@humanwhocodes/module-importer
377 silly ADD node_modules/@humanfs/node
378 silly ADD node_modules/@humanfs/core
379 silly ADD node_modules/@gsap/react
380 silly ADD node_modules/@eslint/plugin-kit
381 silly ADD node_modules/@eslint/object-schema
382 silly ADD node_modules/@eslint/js
383 silly ADD node_modules/@eslint/eslintrc
384 silly ADD node_modules/@eslint/eslintrc/node_modules/globals
385 silly ADD node_modules/@eslint/core
386 silly ADD node_modules/@eslint/config-helpers
387 silly ADD node_modules/@eslint/config-array
388 silly ADD node_modules/@eslint-community/regexpp
389 silly ADD node_modules/@eslint-community/eslint-utils
390 silly ADD node_modules/@eslint-community/eslint-utils/node_modules/eslint-visitor-keys
391 silly ADD
392 silly ADD
393 silly ADD
394 silly ADD
395 silly ADD
396 silly ADD
397 silly ADD
398 silly ADD
399 silly ADD
400 silly ADD
401 silly ADD
402 silly ADD
403 silly ADD
404 silly ADD
405 silly ADD
406 silly ADD
407 silly ADD
408 silly ADD
409 silly ADD node_modules/@esbuild/darwin-arm64
410 silly ADD
411 silly ADD
412 silly ADD
413 silly ADD
414 silly ADD node_modules/@babel/types
415 silly ADD node_modules/@babel/traverse
416 silly ADD node_modules/@babel/template
417 silly ADD node_modules/@babel/plugin-transform-react-jsx-source
418 silly ADD node_modules/@babel/plugin-transform-react-jsx-self
419 silly ADD node_modules/@babel/parser
420 silly ADD node_modules/@babel/helpers
421 silly ADD node_modules/@babel/helper-validator-option
422 silly ADD node_modules/@babel/helper-validator-identifier
423 silly ADD node_modules/@babel/helper-string-parser
424 silly ADD node_modules/@babel/helper-plugin-utils
425 silly ADD node_modules/@babel/helper-module-transforms
426 silly ADD node_modules/@babel/helper-module-imports
427 silly ADD node_modules/@babel/helper-globals
428 silly ADD node_modules/@babel/helper-compilation-targets
429 silly ADD node_modules/@babel/generator
430 silly ADD node_modules/@babel/core
431 silly ADD node_modules/@babel/compat-data
432 silly ADD node_modules/@babel/code-frame
433 silly ADD node_modules/@alloc/quick-lru
434 verbose exit 0
435 info ok
