0 verbose cli /Users/hemish/Desktop/HackNite/.node/bin/node /Users/hemish/Desktop/HackNite/.node/lib/node_modules/npm/bin/npm-cli.js
1 info using npm@10.7.0
2 info using node@v20.14.0
3 silly config:load:file:/Users/hemish/Desktop/HackNite/.node/lib/node_modules/npm/npmrc
4 silly config:load:file:/Users/hemish/Desktop/HackNite/sin-city/frontend/.npmrc
5 silly config:load:file:/Users/hemish/.npmrc
6 silly config:load:file:/Users/hemish/Desktop/HackNite/.node/etc/npmrc
7 verbose title npm exec create-vite@5 ./ --template react-ts
8 verbose argv "exec" "--yes" "--" "create-vite@5" "./" "--template" "react-ts"
9 verbose logfile logs-max:10 dir:/Users/hemish/Desktop/HackNite/.npm-cache/_logs/2026-04-09T06_13_08_558Z-
10 verbose logfile /Users/hemish/Desktop/HackNite/.npm-cache/_logs/2026-04-09T06_13_08_558Z-debug-0.log
11 silly logfile done cleaning log files
12 http fetch GET 200 https://registry.npmjs.org/create-vite 394ms (cache revalidated)
13 silly idealTree buildDeps
14 silly fetch manifest create-vite@5.5.5
15 http fetch GET 200 https://registry.npmjs.org/create-vite 2ms (cache hit)
16 silly placeDep ROOT create-vite@5.5.5 OK for:  want: 5.5.5
17 silly reify moves {}
18 silly audit bulk request { 'create-vite': [ '5.5.5' ] }
19 silly tarball no local data for create-vite@https://registry.npmjs.org/create-vite/-/create-vite-5.5.5.tgz. Extracting by manifest.
20 http fetch POST 200 https://registry.npmjs.org/-/npm/v1/security/advisories/bulk 323ms
21 silly audit report {}
22 http fetch GET 200 https://registry.npmjs.org/create-vite/-/create-vite-5.5.5.tgz 404ms (cache miss)
23 verbose exit 0
24 info ok
