0 verbose cli /Users/hemish/Desktop/HackNite/.node/bin/node /Users/hemish/Desktop/HackNite/.node/bin/npm
1 info using npm@10.7.0
2 info using node@v20.14.0
3 silly config:load:file:/Users/hemish/Desktop/HackNite/.node/lib/node_modules/npm/npmrc
4 silly config:load:file:/Users/hemish/Desktop/HackNite/sin-city/frontend/.npmrc
5 silly config:load:file:/Users/hemish/.npmrc
6 silly config:load:file:/Users/hemish/Desktop/HackNite/.node/etc/npmrc
7 verbose title npm install tailwindcss@3 postcss autoprefixer @types/howler @types/canvas-confetti
8 verbose argv "install" "--save-dev" "tailwindcss@3" "postcss" "autoprefixer" "@types/howler" "@types/canvas-confetti"
9 verbose logfile logs-max:10 dir:/Users/hemish/Desktop/HackNite/.npm-cache/_logs/2026-04-09T06_13_54_939Z-
10 verbose logfile /Users/hemish/Desktop/HackNite/.npm-cache/_logs/2026-04-09T06_13_54_939Z-debug-0.log
11 silly logfile done cleaning log files
12 silly idealTree buildDeps
13 silly fetch manifest tailwindcss@3
14 http fetch GET 200 https://registry.npmjs.org/tailwindcss 754ms (cache miss)
15 silly fetch manifest postcss@*
16 http fetch GET 200 https://registry.npmjs.org/postcss 7ms (cache hit)
17 silly fetch manifest autoprefixer@*
18 http fetch GET 200 https://registry.npmjs.org/autoprefixer 164ms (cache miss)
19 silly fetch manifest @types/howler@*
20 http fetch GET 200 https://registry.npmjs.org/@types%2fhowler 722ms (cache miss)
21 silly fetch manifest @types/canvas-confetti@*
22 http fetch GET 200 https://registry.npmjs.org/@types%2fcanvas-confetti 109ms (cache miss)
23 silly placeDep ROOT @types/canvas-confetti@1.9.0 OK for: frontend@0.0.0 want: *
24 silly placeDep ROOT @types/howler@2.2.12 OK for: frontend@0.0.0 want: *
25 silly placeDep ROOT autoprefixer@10.4.27 OK for: frontend@0.0.0 want: *
26 silly placeDep ROOT postcss@8.5.9 REPLACE for: frontend@0.0.0 want: *
27 silly placeDep ROOT tailwindcss@3.4.19 OK for: frontend@0.0.0 want: 3
28 silly fetch manifest fraction.js@^5.3.4
29 silly fetch manifest postcss-value-parser@^4.2.0
30 silly fetch manifest arg@^5.0.2
31 silly fetch manifest dlv@^1.1.3
32 silly fetch manifest jiti@^1.21.7
33 silly fetch manifest resolve@^1.22.8
34 silly fetch manifest sucrase@^3.35.0
35 silly fetch manifest chokidar@^3.6.0
36 silly fetch manifest fast-glob@^3.3.2
37 http fetch GET 200 https://registry.npmjs.org/jiti 15ms (cache hit)
38 silly fetch manifest lilconfig@^3.1.3
39 http fetch GET 200 https://registry.npmjs.org/fraction.js 198ms (cache miss)
40 silly fetch manifest didyoumean@^1.2.2
41 http fetch GET 200 https://registry.npmjs.org/didyoumean 104ms (cache miss)
42 silly fetch manifest micromatch@^4.0.8
43 http fetch GET 200 https://registry.npmjs.org/dlv 326ms (cache miss)
44 silly fetch manifest postcss-js@^4.0.1
45 http fetch GET 200 https://registry.npmjs.org/lilconfig 309ms (cache miss)
46 silly fetch manifest object-hash@^3.0.0
47 http fetch GET 200 https://registry.npmjs.org/arg 329ms (cache miss)
48 silly fetch manifest normalize-path@^3.0.0
49 http fetch GET 200 https://registry.npmjs.org/postcss-value-parser 339ms (cache miss)
50 silly fetch manifest postcss-import@^15.1.0
51 http fetch GET 200 https://registry.npmjs.org/fast-glob 364ms (cache miss)
52 silly fetch manifest postcss-nested@^6.2.0
53 http fetch GET 200 https://registry.npmjs.org/resolve 369ms (cache miss)
54 silly fetch manifest @alloc/quick-lru@^5.2.0
55 http fetch GET 200 https://registry.npmjs.org/chokidar 387ms (cache miss)
56 silly fetch manifest postcss-load-config@^4.0.2 || ^5.0 || ^6.0
57 http fetch GET 200 https://registry.npmjs.org/sucrase 392ms (cache miss)
58 silly fetch manifest postcss-selector-parser@^6.1.2
59 http fetch GET 200 https://registry.npmjs.org/object-hash 97ms (cache miss)
60 http fetch GET 200 https://registry.npmjs.org/micromatch 123ms (cache miss)
61 http fetch GET 200 https://registry.npmjs.org/postcss-js 102ms (cache miss)
62 http fetch GET 200 https://registry.npmjs.org/normalize-path 121ms (cache miss)
63 http fetch GET 200 https://registry.npmjs.org/postcss-import 111ms (cache miss)
64 http fetch GET 200 https://registry.npmjs.org/postcss-nested 106ms (cache miss)
65 http fetch GET 200 https://registry.npmjs.org/postcss-load-config 109ms (cache miss)
66 http fetch GET 200 https://registry.npmjs.org/@alloc%2fquick-lru 130ms (cache miss)
67 http fetch GET 200 https://registry.npmjs.org/postcss-selector-parser 124ms (cache miss)
68 silly placeDep ROOT fraction.js@5.3.4 OK for: autoprefixer@10.4.27 want: ^5.3.4
69 silly placeDep ROOT postcss-value-parser@4.2.0 OK for: autoprefixer@10.4.27 want: ^4.2.0
70 silly fetch manifest postcss@^8.4.47
71 silly fetch manifest tsx@^4.8.1
72 http fetch GET 200 https://registry.npmjs.org/tsx 198ms (cache miss)
73 silly fetch manifest yaml@^2.4.2
74 http fetch GET 200 https://registry.npmjs.org/yaml 173ms (cache miss)
75 silly placeDep ROOT @alloc/quick-lru@5.2.0 OK for: tailwindcss@3.4.19 want: ^5.2.0
76 silly placeDep ROOT arg@5.0.2 OK for: tailwindcss@3.4.19 want: ^5.0.2
77 silly placeDep ROOT chokidar@3.6.0 OK for: tailwindcss@3.4.19 want: ^3.6.0
78 silly placeDep ROOT didyoumean@1.2.2 OK for: tailwindcss@3.4.19 want: ^1.2.2
79 silly placeDep ROOT dlv@1.1.3 OK for: tailwindcss@3.4.19 want: ^1.1.3
80 silly placeDep ROOT fast-glob@3.3.3 OK for: tailwindcss@3.4.19 want: ^3.3.2
81 silly placeDep ROOT jiti@1.21.7 OK for: tailwindcss@3.4.19 want: ^1.21.7
82 silly placeDep ROOT lilconfig@3.1.3 OK for: tailwindcss@3.4.19 want: ^3.1.3
83 silly placeDep ROOT micromatch@4.0.8 OK for: tailwindcss@3.4.19 want: ^4.0.8
84 silly placeDep ROOT normalize-path@3.0.0 OK for: tailwindcss@3.4.19 want: ^3.0.0
85 silly placeDep ROOT object-hash@3.0.0 OK for: tailwindcss@3.4.19 want: ^3.0.0
86 silly placeDep ROOT postcss-import@15.1.0 OK for: tailwindcss@3.4.19 want: ^15.1.0
87 silly placeDep ROOT postcss-js@4.1.0 OK for: tailwindcss@3.4.19 want: ^4.0.1
88 silly placeDep ROOT postcss-load-config@6.0.1 OK for: tailwindcss@3.4.19 want: ^4.0.2 || ^5.0 || ^6.0
89 silly placeDep ROOT postcss-nested@6.2.0 OK for: tailwindcss@3.4.19 want: ^6.2.0
90 silly placeDep ROOT postcss-selector-parser@6.1.2 OK for: tailwindcss@3.4.19 want: ^6.1.2
91 silly placeDep ROOT resolve@1.22.11 OK for: tailwindcss@3.4.19 want: ^1.22.8
92 silly placeDep ROOT sucrase@3.35.1 OK for: tailwindcss@3.4.19 want: ^3.35.0
93 silly fetch manifest braces@~3.0.2
94 silly fetch manifest anymatch@~3.1.2
95 silly fetch manifest readdirp@~3.6.0
96 silly fetch manifest glob-parent@~5.1.2
97 silly fetch manifest is-binary-path@~2.1.0
98 silly fetch manifest normalize-path@~3.0.0
99 silly fetch manifest @nodelib/fs.stat@^2.0.2
100 silly fetch manifest @nodelib/fs.walk@^1.2.3
101 silly fetch manifest glob-parent@^5.1.2
102 silly fetch manifest merge2@^1.3.0
103 http fetch GET 200 https://registry.npmjs.org/glob-parent 8ms (cache hit)
104 silly fetch manifest braces@^3.0.3
105 http fetch GET 200 https://registry.npmjs.org/glob-parent 11ms (cache hit)
106 silly fetch manifest picomatch@^2.3.1
107 http fetch GET 200 https://registry.npmjs.org/picomatch 2ms (cache hit)
108 silly fetch manifest resolve@^1.1.7
109 silly fetch manifest read-cache@^1.0.0
110 http fetch GET 200 https://registry.npmjs.org/is-binary-path 78ms (cache miss)
111 silly fetch manifest camelcase-css@^2.0.1
112 http fetch GET 200 https://registry.npmjs.org/read-cache 94ms (cache miss)
113 silly fetch manifest postcss-selector-parser@^6.1.1
114 silly fetch manifest cssesc@^3.0.0
115 http fetch GET 200 https://registry.npmjs.org/braces 111ms (cache miss)
116 silly fetch manifest util-deprecate@^1.0.2
117 http fetch GET 200 https://registry.npmjs.org/anymatch 112ms (cache miss)
118 silly fetch manifest path-parse@^1.0.7
119 http fetch GET 200 https://registry.npmjs.org/readdirp 112ms (cache miss)
120 silly fetch manifest is-core-module@^2.16.1
121 http fetch GET 200 https://registry.npmjs.org/merge2 115ms (cache miss)
122 silly fetch manifest supports-preserve-symlinks-flag@^1.0.0
123 http fetch GET 200 https://registry.npmjs.org/braces 108ms (cache miss)
124 silly fetch manifest commander@^4.0.0
125 http fetch GET 200 https://registry.npmjs.org/@nodelib%2ffs.walk 214ms (cache miss)
126 silly fetch manifest lines-and-columns@^1.1.6
127 http fetch GET 200 https://registry.npmjs.org/@nodelib%2ffs.stat 217ms (cache miss)
128 silly fetch manifest mz@^2.7.0
129 http fetch GET 200 https://registry.npmjs.org/camelcase-css 166ms (cache miss)
130 silly fetch manifest pirates@^4.0.1
131 http fetch GET 200 https://registry.npmjs.org/cssesc 137ms (cache miss)
132 silly fetch manifest ts-interface-checker@^0.1.9
133 http fetch GET 200 https://registry.npmjs.org/supports-preserve-symlinks-flag 171ms (cache miss)
134 http fetch GET 200 https://registry.npmjs.org/util-deprecate 178ms (cache miss)
135 http fetch GET 200 https://registry.npmjs.org/is-core-module 185ms (cache miss)
136 http fetch GET 200 https://registry.npmjs.org/commander 181ms (cache miss)
137 http fetch GET 200 https://registry.npmjs.org/mz 109ms (cache miss)
138 http fetch GET 200 https://registry.npmjs.org/lines-and-columns 112ms (cache miss)
139 http fetch GET 200 https://registry.npmjs.org/path-parse 219ms (cache miss)
140 http fetch GET 200 https://registry.npmjs.org/ts-interface-checker 91ms (cache miss)
141 http fetch GET 200 https://registry.npmjs.org/pirates 93ms (cache miss)
142 silly placeDep ROOT anymatch@3.1.3 OK for: chokidar@3.6.0 want: ~3.1.2
143 silly placeDep ROOT braces@3.0.3 OK for: chokidar@3.6.0 want: ~3.0.2
144 silly placeDep node_modules/chokidar glob-parent@5.1.2 OK for: chokidar@3.6.0 want: ~5.1.2
145 silly placeDep ROOT is-binary-path@2.1.0 OK for: chokidar@3.6.0 want: ~2.1.0
146 silly placeDep ROOT readdirp@3.6.0 OK for: chokidar@3.6.0 want: ~3.6.0
147 silly fetch manifest picomatch@^2.0.4
148 silly fetch manifest fill-range@^7.1.1
149 silly fetch manifest binary-extensions@^2.0.0
150 silly fetch manifest picomatch@^2.2.1
151 http fetch GET 200 https://registry.npmjs.org/fill-range 105ms (cache miss)
152 http fetch GET 200 https://registry.npmjs.org/binary-extensions 110ms (cache miss)
153 silly placeDep node_modules/anymatch picomatch@2.3.2 OK for: anymatch@3.1.3 want: ^2.0.4
154 silly placeDep ROOT fill-range@7.1.1 OK for: braces@3.0.3 want: ^7.1.1
155 silly fetch manifest to-regex-range@^5.0.1
156 http fetch GET 200 https://registry.npmjs.org/to-regex-range 104ms (cache miss)
157 silly placeDep ROOT @nodelib/fs.stat@2.0.5 OK for: fast-glob@3.3.3 want: ^2.0.2
158 silly placeDep ROOT @nodelib/fs.walk@1.2.8 OK for: fast-glob@3.3.3 want: ^1.2.3
159 silly placeDep node_modules/fast-glob glob-parent@5.1.2 OK for: fast-glob@3.3.3 want: ^5.1.2
160 silly placeDep ROOT merge2@1.4.1 OK for: fast-glob@3.3.3 want: ^1.3.0
161 silly fetch manifest fastq@^1.6.0
162 silly fetch manifest @nodelib/fs.scandir@2.1.5
163 http fetch GET 200 https://registry.npmjs.org/fastq 167ms (cache miss)
164 http fetch GET 200 https://registry.npmjs.org/@nodelib%2ffs.scandir 185ms (cache miss)
165 silly placeDep ROOT @nodelib/fs.scandir@2.1.5 OK for: @nodelib/fs.walk@1.2.8 want: 2.1.5
166 silly placeDep ROOT fastq@1.20.1 OK for: @nodelib/fs.walk@1.2.8 want: ^1.6.0
167 silly fetch manifest run-parallel@^1.1.9
168 silly fetch manifest reusify@^1.0.4
169 http fetch GET 200 https://registry.npmjs.org/reusify 67ms (cache miss)
170 http fetch GET 200 https://registry.npmjs.org/run-parallel 95ms (cache miss)
171 silly placeDep ROOT run-parallel@1.2.0 OK for: @nodelib/fs.scandir@2.1.5 want: ^1.1.9
172 silly fetch manifest queue-microtask@^1.2.2
173 http fetch GET 200 https://registry.npmjs.org/queue-microtask 101ms (cache miss)
174 silly placeDep ROOT reusify@1.1.0 OK for: fastq@1.20.1 want: ^1.0.4
175 silly placeDep ROOT to-regex-range@5.0.1 OK for: fill-range@7.1.1 want: ^5.0.1
176 silly fetch manifest is-number@^7.0.0
177 http fetch GET 200 https://registry.npmjs.org/is-number 96ms (cache miss)
178 silly placeDep ROOT binary-extensions@2.3.0 OK for: is-binary-path@2.1.0 want: ^2.0.0
179 silly placeDep node_modules/micromatch picomatch@2.3.2 OK for: micromatch@4.0.8 want: ^2.3.1
180 silly placeDep ROOT read-cache@1.0.0 OK for: postcss-import@15.1.0 want: ^1.0.0
181 silly fetch manifest pify@^2.3.0
182 http fetch GET 200 https://registry.npmjs.org/pify 93ms (cache miss)
183 silly placeDep ROOT camelcase-css@2.0.1 OK for: postcss-js@4.1.0 want: ^2.0.1
184 silly placeDep ROOT cssesc@3.0.0 OK for: postcss-selector-parser@6.1.2 want: ^3.0.0
185 silly placeDep ROOT util-deprecate@1.0.2 OK for: postcss-selector-parser@6.1.2 want: ^1.0.2
186 silly placeDep ROOT pify@2.3.0 OK for: read-cache@1.0.0 want: ^2.3.0
187 silly placeDep node_modules/readdirp picomatch@2.3.2 OK for: readdirp@3.6.0 want: ^2.2.1
188 silly placeDep ROOT is-core-module@2.16.1 OK for: resolve@1.22.11 want: ^2.16.1
189 silly placeDep ROOT path-parse@1.0.7 OK for: resolve@1.22.11 want: ^1.0.7
190 silly placeDep ROOT supports-preserve-symlinks-flag@1.0.0 OK for: resolve@1.22.11 want: ^1.0.0
191 silly placeDep ROOT queue-microtask@1.2.3 OK for: run-parallel@1.2.0 want: ^1.2.2
192 silly placeDep ROOT commander@4.1.1 OK for: sucrase@3.35.1 want: ^4.0.0
193 silly placeDep ROOT lines-and-columns@1.2.4 OK for: sucrase@3.35.1 want: ^1.1.6
194 silly placeDep ROOT mz@2.7.0 OK for: sucrase@3.35.1 want: ^2.7.0
195 silly placeDep ROOT pirates@4.0.7 OK for: sucrase@3.35.1 want: ^4.0.1
196 silly placeDep ROOT ts-interface-checker@0.1.13 OK for: sucrase@3.35.1 want: ^0.1.9
197 silly fetch manifest any-promise@^1.0.0
198 silly fetch manifest object-assign@^4.0.1
199 silly fetch manifest thenify-all@^1.0.0
200 http fetch GET 200 https://registry.npmjs.org/thenify-all 176ms (cache miss)
201 http fetch GET 200 https://registry.npmjs.org/any-promise 180ms (cache miss)
202 http fetch GET 200 https://registry.npmjs.org/object-assign 436ms (cache miss)
203 silly placeDep ROOT any-promise@1.3.0 OK for: mz@2.7.0 want: ^1.0.0
204 silly placeDep ROOT object-assign@4.1.1 OK for: mz@2.7.0 want: ^4.0.1
205 silly placeDep ROOT thenify-all@1.6.0 OK for: mz@2.7.0 want: ^1.0.0
206 silly fetch manifest thenify@>= 3.1.0 < 4
207 http fetch GET 200 https://registry.npmjs.org/thenify 186ms (cache miss)
208 silly placeDep ROOT thenify@3.3.1 OK for: thenify-all@1.6.0 want: >= 3.1.0 < 4
209 silly placeDep ROOT is-number@7.0.0 OK for: to-regex-range@5.0.1 want: ^7.0.0
210 warn EBADENGINE Unsupported engine {
210 warn EBADENGINE   package: 'eslint-visitor-keys@5.0.1',
210 warn EBADENGINE   required: { node: '^20.19.0 || ^22.13.0 || >=24' },
210 warn EBADENGINE   current: { node: 'v20.14.0', npm: '10.7.0' }
210 warn EBADENGINE }
211 silly reify moves {}
212 silly audit bulk request {
212 silly audit   '@babel/code-frame': [ '7.29.0' ],
212 silly audit   '@babel/compat-data': [ '7.29.0' ],
212 silly audit   '@babel/core': [ '7.29.0' ],
212 silly audit   '@babel/generator': [ '7.29.1' ],
212 silly audit   '@babel/helper-compilation-targets': [ '7.28.6' ],
212 silly audit   '@babel/helper-globals': [ '7.28.0' ],
212 silly audit   '@babel/helper-module-imports': [ '7.28.6' ],
212 silly audit   '@babel/helper-module-transforms': [ '7.28.6' ],
212 silly audit   '@babel/helper-plugin-utils': [ '7.28.6' ],
212 silly audit   '@babel/helper-string-parser': [ '7.27.1' ],
212 silly audit   '@babel/helper-validator-identifier': [ '7.28.5' ],
212 silly audit   '@babel/helper-validator-option': [ '7.27.1' ],
212 silly audit   '@babel/helpers': [ '7.29.2' ],
212 silly audit   '@babel/parser': [ '7.29.2' ],
212 silly audit   '@babel/plugin-transform-react-jsx-self': [ '7.27.1' ],
212 silly audit   '@babel/plugin-transform-react-jsx-source': [ '7.27.1' ],
212 silly audit   '@babel/template': [ '7.28.6' ],
212 silly audit   '@babel/traverse': [ '7.29.0' ],
212 silly audit   '@babel/types': [ '7.29.0' ],
212 silly audit   '@esbuild/aix-ppc64': [ '0.21.5' ],
212 silly audit   '@esbuild/android-arm': [ '0.21.5' ],
212 silly audit   '@esbuild/android-arm64': [ '0.21.5' ],
212 silly audit   '@esbuild/android-x64': [ '0.21.5' ],
212 silly audit   '@esbuild/darwin-arm64': [ '0.21.5' ],
212 silly audit   '@esbuild/darwin-x64': [ '0.21.5' ],
212 silly audit   '@esbuild/freebsd-arm64': [ '0.21.5' ],
212 silly audit   '@esbuild/freebsd-x64': [ '0.21.5' ],
212 silly audit   '@esbuild/linux-arm': [ '0.21.5' ],
212 silly audit   '@esbuild/linux-arm64': [ '0.21.5' ],
212 silly audit   '@esbuild/linux-ia32': [ '0.21.5' ],
212 silly audit   '@esbuild/linux-loong64': [ '0.21.5' ],
212 silly audit   '@esbuild/linux-mips64el': [ '0.21.5' ],
212 silly audit   '@esbuild/linux-ppc64': [ '0.21.5' ],
212 silly audit   '@esbuild/linux-riscv64': [ '0.21.5' ],
212 silly audit   '@esbuild/linux-s390x': [ '0.21.5' ],
212 silly audit   '@esbuild/linux-x64': [ '0.21.5' ],
212 silly audit   '@esbuild/netbsd-x64': [ '0.21.5' ],
212 silly audit   '@esbuild/openbsd-x64': [ '0.21.5' ],
212 silly audit   '@esbuild/sunos-x64': [ '0.21.5' ],
212 silly audit   '@esbuild/win32-arm64': [ '0.21.5' ],
212 silly audit   '@esbuild/win32-ia32': [ '0.21.5' ],
212 silly audit   '@esbuild/win32-x64': [ '0.21.5' ],
212 silly audit   '@eslint-community/eslint-utils': [ '4.9.1' ],
212 silly audit   'eslint-visitor-keys': [ '3.4.3', '5.0.1', '4.2.1' ],
212 silly audit   '@eslint-community/regexpp': [ '4.12.2' ],
212 silly audit   '@eslint/config-array': [ '0.21.2' ],
212 silly audit   '@eslint/config-helpers': [ '0.4.2' ],
212 silly audit   '@eslint/core': [ '0.17.0' ],
212 silly audit   '@eslint/eslintrc': [ '3.3.5' ],
212 silly audit   globals: [ '14.0.0', '15.15.0' ],
212 silly audit   '@eslint/js': [ '9.39.4' ],
212 silly audit   '@eslint/object-schema': [ '2.1.7' ],
212 silly audit   '@eslint/plugin-kit': [ '0.4.1' ],
212 silly audit   '@gsap/react': [ '2.1.2' ],
212 silly audit   '@humanfs/core': [ '0.19.1' ],
212 silly audit   '@humanfs/node': [ '0.16.7' ],
212 silly audit   '@humanwhocodes/module-importer': [ '1.0.1' ],
212 silly audit   '@humanwhocodes/retry': [ '0.4.3' ],
212 silly audit   '@jridgewell/gen-mapping': [ '0.3.13' ],
212 silly audit   '@jridgewell/remapping': [ '2.3.5' ],
212 silly audit   '@jridgewell/resolve-uri': [ '3.1.2' ],
212 silly audit   '@jridgewell/sourcemap-codec': [ '1.5.5' ],
212 silly audit   '@jridgewell/trace-mapping': [ '0.3.31' ],
212 silly audit   '@remix-run/router': [ '1.23.2' ],
212 silly audit   '@rolldown/pluginutils': [ '1.0.0-beta.27' ],
212 silly audit   '@rollup/rollup-android-arm-eabi': [ '4.60.1' ],
212 silly audit   '@rollup/rollup-android-arm64': [ '4.60.1' ],
212 silly audit   '@rollup/rollup-darwin-arm64': [ '4.60.1' ],
212 silly audit   '@rollup/rollup-darwin-x64': [ '4.60.1' ],
212 silly audit   '@rollup/rollup-freebsd-arm64': [ '4.60.1' ],
212 silly audit   '@rollup/rollup-freebsd-x64': [ '4.60.1' ],
212 silly audit   '@rollup/rollup-linux-arm-gnueabihf': [ '4.60.1' ],
212 silly audit   '@rollup/rollup-linux-arm-musleabihf': [ '4.60.1' ],
212 silly audit   '@rollup/rollup-linux-arm64-gnu': [ '4.60.1' ],
212 silly audit   '@rollup/rollup-linux-arm64-musl': [ '4.60.1' ],
212 silly audit   '@rollup/rollup-linux-loong64-gnu': [ '4.60.1' ],
212 silly audit   '@rollup/rollup-linux-loong64-musl': [ '4.60.1' ],
212 silly audit   '@rollup/rollup-linux-ppc64-gnu': [ '4.60.1' ],
212 silly audit   '@rollup/rollup-linux-ppc64-musl': [ '4.60.1' ],
212 silly audit   '@rollup/rollup-linux-riscv64-gnu': [ '4.60.1' ],
212 silly audit   '@rollup/rollup-linux-riscv64-musl': [ '4.60.1' ],
212 silly audit   '@rollup/rollup-linux-s390x-gnu': [ '4.60.1' ],
212 silly audit   '@rollup/rollup-linux-x64-gnu': [ '4.60.1' ],
212 silly audit   '@rollup/rollup-linux-x64-musl': [ '4.60.1' ],
212 silly audit   '@rollup/rollup-openbsd-x64': [ '4.60.1' ],
212 silly audit   '@rollup/rollup-openharmony-arm64': [ '4.60.1' ],
212 silly audit   '@rollup/rollup-win32-arm64-msvc': [ '4.60.1' ],
212 silly audit   '@rollup/rollup-win32-ia32-msvc': [ '4.60.1' ],
212 silly audit   '@rollup/rollup-win32-x64-gnu': [ '4.60.1' ],
212 silly audit   '@rollup/rollup-win32-x64-msvc': [ '4.60.1' ],
212 silly audit   '@types/babel__core': [ '7.20.5' ],
212 silly audit   '@types/babel__generator': [ '7.27.0' ],
212 silly audit   '@types/babel__template': [ '7.4.4' ],
212 silly audit   '@types/babel__traverse': [ '7.28.0' ],
212 silly audit   '@types/estree': [ '1.0.8' ],
212 silly audit   '@types/json-schema': [ '7.0.15' ],
212 silly audit   '@types/prop-types': [ '15.7.15' ],
212 silly audit   '@types/react': [ '18.3.28' ],
212 silly audit   '@types/react-dom': [ '18.3.7' ],
212 silly audit   '@typescript-eslint/eslint-plugin': [ '8.58.1' ],
212 silly audit   ignore: [ '7.0.5', '5.3.2' ],
212 silly audit   '@typescript-eslint/parser': [ '8.58.1' ],
212 silly audit   '@typescript-eslint/project-service': [ '8.58.1' ],
212 silly audit   '@typescript-eslint/scope-manager': [ '8.58.1' ],
212 silly audit   '@typescript-eslint/tsconfig-utils': [ '8.58.1' ],
212 silly audit   '@typescript-eslint/type-utils': [ '8.58.1' ],
212 silly audit   '@typescript-eslint/types': [ '8.58.1' ],
212 silly audit   '@typescript-eslint/typescript-estree': [ '8.58.1' ],
212 silly audit   'balanced-match': [ '4.0.4', '1.0.2' ],
212 silly audit   'brace-expansion': [ '5.0.5', '1.1.13' ],
212 silly audit   minimatch: [ '10.2.5', '3.1.5' ],
212 silly audit   semver: [ '7.7.4', '6.3.1' ],
212 silly audit   '@typescript-eslint/utils': [ '8.58.1' ],
212 silly audit   '@typescript-eslint/visitor-keys': [ '8.58.1' ],
212 silly audit   '@vitejs/plugin-react': [ '4.7.0' ],
212 silly audit   acorn: [ '8.16.0' ],
212 silly audit   'acorn-jsx': [ '5.3.2' ],
212 silly audit   ajv: [ '6.14.0' ],
212 silly audit   'ansi-styles': [ '4.3.0' ],
212 silly audit   argparse: [ '2.0.1' ],
212 silly audit   asynckit: [ '0.4.0' ],
212 silly audit   axios: [ '1.15.0' ],
212 silly audit   'baseline-browser-mapping': [ '2.10.16' ],
212 silly audit   browserslist: [ '4.28.2' ],
212 silly audit   'call-bind-apply-helpers': [ '1.0.2' ],
212 silly audit   callsites: [ '3.1.0' ],
212 silly audit   'caniuse-lite': [ '1.0.30001787' ],
212 silly audit   'canvas-confetti': [ '1.9.4' ],
212 silly audit   chalk: [ '4.1.2' ],
212 silly audit   'color-convert': [ '2.0.1' ],
212 silly audit   'color-name': [ '1.1.4' ],
212 silly audit   'combined-stream': [ '1.0.8' ],
212 silly audit   'concat-map': [ '0.0.1' ],
212 silly audit   'convert-source-map': [ '2.0.0' ],
212 silly audit   'cross-spawn': [ '7.0.6' ],
212 silly audit   csstype: [ '3.2.3' ],
212 silly audit   debug: [ '4.4.3' ],
212 silly audit   'deep-is': [ '0.1.4' ],
212 silly audit   'delayed-stream': [ '1.0.0' ],
212 silly audit   'dunder-proto': [ '1.0.1' ],
212 silly audit   'electron-to-chromium': [ '1.5.334' ],
212 silly audit   'es-define-property': [ '1.0.1' ],
212 silly audit   'es-errors': [ '1.3.0' ],
212 silly audit   'es-object-atoms': [ '1.1.1' ],
212 silly audit   'es-set-tostringtag': [ '2.1.0' ],
212 silly audit   esbuild: [ '0.21.5' ],
212 silly audit   escalade: [ '3.2.0' ],
212 silly audit   'escape-string-regexp': [ '4.0.0' ],
212 silly audit   eslint: [ '9.39.4' ],
212 silly audit   'eslint-plugin-react-hooks': [ '5.2.0' ],
212 silly audit   'eslint-plugin-react-refresh': [ '0.4.26' ],
212 silly audit   'eslint-scope': [ '8.4.0' ],
212 silly audit   espree: [ '10.4.0' ],
212 silly audit   esquery: [ '1.7.0' ],
212 silly audit   esrecurse: [ '4.3.0' ],
212 silly audit   estraverse: [ '5.3.0' ],
212 silly audit   esutils: [ '2.0.3' ],
212 silly audit   'fast-deep-equal': [ '3.1.3' ],
212 silly audit   'fast-json-stable-stringify': [ '2.1.0' ],
212 silly audit   'fast-levenshtein': [ '2.0.6' ],
212 silly audit   fdir: [ '6.5.0' ],
212 silly audit   'file-entry-cache': [ '8.0.0' ],
212 silly audit   'find-up': [ '5.0.0' ],
212 silly audit   'flat-cache': [ '4.0.1' ],
212 silly audit   flatted: [ '3.4.2' ],
212 silly audit   'follow-redirects': [ '1.15.11' ],
212 silly audit   'form-data': [ '4.0.5' ],
212 silly audit   'framer-motion': [ '12.38.0' ],
212 silly audit   fsevents: [ '2.3.3' ],
212 silly audit   'function-bind': [ '1.1.2' ],
212 silly audit   gensync: [ '1.0.0-beta.2' ],
212 silly audit   'get-intrinsic': [ '1.3.0' ],
212 silly audit   'get-proto': [ '1.0.1' ],
212 silly audit   'glob-parent': [ '6.0.2', '5.1.2' ],
212 silly audit   gopd: [ '1.2.0' ],
212 silly audit   gsap: [ '3.14.2' ],
212 silly audit   'has-flag': [ '4.0.0' ],
212 silly audit   'has-symbols': [ '1.1.0' ],
212 silly audit   'has-tostringtag': [ '1.0.2' ],
212 silly audit   hasown: [ '2.0.2' ],
212 silly audit   howler: [ '2.2.4' ],
212 silly audit   'import-fresh': [ '3.3.1' ],
212 silly audit   imurmurhash: [ '0.1.4' ],
212 silly audit   'is-extglob': [ '2.1.1' ],
212 silly audit   'is-glob': [ '4.0.3' ],
212 silly audit   isexe: [ '2.0.0' ],
212 silly audit   'js-tokens': [ '4.0.0' ],
212 silly audit   'js-yaml': [ '4.1.1' ],
212 silly audit   jsesc: [ '3.1.0' ],
212 silly audit   'json-buffer': [ '3.0.1' ],
212 silly audit   'json-schema-traverse': [ '0.4.1' ],
212 silly audit   'json-stable-stringify-without-jsonify': [ '1.0.1' ],
212 silly audit   json5: [ '2.2.3' ],
212 silly audit   keyv: [ '4.5.4' ],
212 silly audit   levn: [ '0.4.1' ],
212 silly audit   'locate-path': [ '6.0.0' ],
212 silly audit   'lodash.merge': [ '4.6.2' ],
212 silly audit   'loose-envify': [ '1.4.0' ],
212 silly audit   'lru-cache': [ '5.1.1' ],
212 silly audit   'lucide-react': [ '1.7.0' ],
212 silly audit   'math-intrinsics': [ '1.1.0' ],
212 silly audit   'mime-db': [ '1.52.0' ],
212 silly audit   'mime-types': [ '2.1.35' ],
212 silly audit   'motion-dom': [ '12.38.0' ],
212 silly audit   'motion-utils': [ '12.36.0' ],
212 silly audit   ms: [ '2.1.3' ],
212 silly audit   nanoid: [ '3.3.11' ],
212 silly audit   'natural-compare': [ '1.4.0' ],
212 silly audit   'node-releases': [ '2.0.37' ],
212 silly audit   optionator: [ '0.9.4' ],
212 silly audit   'p-limit': [ '3.1.0' ],
212 silly audit   'p-locate': [ '5.0.0' ],
212 silly audit   'parent-module': [ '1.0.1' ],
212 silly audit   'path-exists': [ '4.0.0' ],
212 silly audit   'path-key': [ '3.1.1' ],
212 silly audit   picocolors: [ '1.1.1' ],
212 silly audit   picomatch: [ '4.0.4', '2.3.2' ],
212 silly audit   'prelude-ls': [ '1.2.1' ],
212 silly audit   'proxy-from-env': [ '2.1.0' ],
212 silly audit   punycode: [ '2.3.1' ],
212 silly audit   react: [ '18.3.1' ],
212 silly audit   'react-dom': [ '18.3.1' ],
212 silly audit   'react-refresh': [ '0.17.0' ],
212 silly audit   'react-router': [ '6.30.3' ],
212 silly audit   'react-router-dom': [ '6.30.3' ],
212 silly audit   'resolve-from': [ '4.0.0' ],
212 silly audit   rollup: [ '4.60.1' ],
212 silly audit   scheduler: [ '0.23.2' ],
212 silly audit   'shebang-command': [ '2.0.0' ],
212 silly audit   'shebang-regex': [ '3.0.0' ],
212 silly audit   'source-map-js': [ '1.2.1' ],
212 silly audit   'strip-json-comments': [ '3.1.1' ],
212 silly audit   'supports-color': [ '7.2.0' ],
212 silly audit   tinyglobby: [ '0.2.16' ],
212 silly audit   'ts-api-utils': [ '2.5.0' ],
212 silly audit   tslib: [ '2.8.1' ],
212 silly audit   'type-check': [ '0.4.0' ],
212 silly audit   typescript: [ '5.6.3' ],
212 silly audit   'typescript-eslint': [ '8.58.1' ],
212 silly audit   'update-browserslist-db': [ '1.2.3' ],
212 silly audit   'uri-js': [ '4.4.1' ],
212 silly audit   vite: [ '5.4.21' ],
212 silly audit   which: [ '2.0.2' ],
212 silly audit   'word-wrap': [ '1.2.5' ],
212 silly audit   yallist: [ '3.1.1' ],
212 silly audit   'yocto-queue': [ '0.1.0' ],
212 silly audit   zustand: [ '5.0.12' ],
212 silly audit   '@types/canvas-confetti': [ '1.9.0' ],
212 silly audit   '@types/howler': [ '2.2.12' ],
212 silly audit   autoprefixer: [ '10.4.27' ],
212 silly audit   postcss: [ '8.5.9' ],
212 silly audit   tailwindcss: [ '3.4.19' ],
212 silly audit   'fraction.js': [ '5.3.4' ],
212 silly audit   'postcss-value-parser': [ '4.2.0' ],
212 silly audit   '@alloc/quick-lru': [ '5.2.0' ],
212 silly audit   arg: [ '5.0.2' ],
212 silly audit   chokidar: [ '3.6.0' ],
212 silly audit   didyoumean: [ '1.2.2' ],
212 silly audit   dlv: [ '1.1.3' ],
212 silly audit   'fast-glob': [ '3.3.3' ],
212 silly audit   jiti: [ '1.21.7' ],
212 silly audit   lilconfig: [ '3.1.3' ],
212 silly audit   micromatch: [ '4.0.8' ],
212 silly audit   'normalize-path': [ '3.0.0' ],
212 silly audit   'object-hash': [ '3.0.0' ],
212 silly audit   'postcss-import': [ '15.1.0' ],
212 silly audit   'postcss-js': [ '4.1.0' ],
212 silly audit   'postcss-load-config': [ '6.0.1' ],
212 silly audit   'postcss-nested': [ '6.2.0' ],
212 silly audit   'postcss-selector-parser': [ '6.1.2' ],
212 silly audit   resolve: [ '1.22.11' ],
212 silly audit   sucrase: [ '3.35.1' ],
212 silly audit   anymatch: [ '3.1.3' ],
212 silly audit   braces: [ '3.0.3' ],
212 silly audit   'is-binary-path': [ '2.1.0' ],
212 silly audit   readdirp: [ '3.6.0' ],
212 silly audit   'fill-range': [ '7.1.1' ],
212 silly audit   '@nodelib/fs.stat': [ '2.0.5' ],
212 silly audit   '@nodelib/fs.walk': [ '1.2.8' ],
212 silly audit   merge2: [ '1.4.1' ],
212 silly audit   '@nodelib/fs.scandir': [ '2.1.5' ],
212 silly audit   fastq: [ '1.20.1' ],
212 silly audit   'run-parallel': [ '1.2.0' ],
212 silly audit   reusify: [ '1.1.0' ],
212 silly audit   'to-regex-range': [ '5.0.1' ],
212 silly audit   'binary-extensions': [ '2.3.0' ],
212 silly audit   'read-cache': [ '1.0.0' ],
212 silly audit   'camelcase-css': [ '2.0.1' ],
212 silly audit   cssesc: [ '3.0.0' ],
212 silly audit   'util-deprecate': [ '1.0.2' ],
212 silly audit   pify: [ '2.3.0' ],
212 silly audit   'is-core-module': [ '2.16.1' ],
212 silly audit   'path-parse': [ '1.0.7' ],
212 silly audit   'supports-preserve-symlinks-flag': [ '1.0.0' ],
212 silly audit   'queue-microtask': [ '1.2.3' ],
212 silly audit   commander: [ '4.1.1' ],
212 silly audit   'lines-and-columns': [ '1.2.4' ],
212 silly audit   mz: [ '2.7.0' ],
212 silly audit   pirates: [ '4.0.7' ],
212 silly audit   'ts-interface-checker': [ '0.1.13' ],
212 silly audit   'any-promise': [ '1.3.0' ],
212 silly audit   'object-assign': [ '4.1.1' ],
212 silly audit   'thenify-all': [ '1.6.0' ],
212 silly audit   thenify: [ '3.3.1' ],
212 silly audit   'is-number': [ '7.0.0' ]
212 silly audit }
213 verbose reify failed optional dependency /Users/hemish/Desktop/HackNite/sin-city/frontend/node_modules/@rollup/rollup-win32-x64-msvc
214 silly reify mark deleted [
214 silly reify   '/Users/hemish/Desktop/HackNite/sin-city/frontend/node_modules/@rollup/rollup-win32-x64-msvc'
214 silly reify ]
215 verbose reify failed optional dependency /Users/hemish/Desktop/HackNite/sin-city/frontend/node_modules/@rollup/rollup-win32-x64-gnu
216 silly reify mark deleted [
216 silly reify   '/Users/hemish/Desktop/HackNite/sin-city/frontend/node_modules/@rollup/rollup-win32-x64-gnu'
216 silly reify ]
217 verbose reify failed optional dependency /Users/hemish/Desktop/HackNite/sin-city/frontend/node_modules/@rollup/rollup-win32-ia32-msvc
218 silly reify mark deleted [
218 silly reify   '/Users/hemish/Desktop/HackNite/sin-city/frontend/node_modules/@rollup/rollup-win32-ia32-msvc'
218 silly reify ]
219 verbose reify failed optional dependency /Users/hemish/Desktop/HackNite/sin-city/frontend/node_modules/@rollup/rollup-win32-arm64-msvc
220 silly reify mark deleted [
220 silly reify   '/Users/hemish/Desktop/HackNite/sin-city/frontend/node_modules/@rollup/rollup-win32-arm64-msvc'
220 silly reify ]
221 verbose reify failed optional dependency /Users/hemish/Desktop/HackNite/sin-city/frontend/node_modules/@rollup/rollup-openharmony-arm64
222 silly reify mark deleted [
222 silly reify   '/Users/hemish/Desktop/HackNite/sin-city/frontend/node_modules/@rollup/rollup-openharmony-arm64'
222 silly reify ]
223 verbose reify failed optional dependency /Users/hemish/Desktop/HackNite/sin-city/frontend/node_modules/@rollup/rollup-openbsd-x64
224 silly reify mark deleted [
224 silly reify   '/Users/hemish/Desktop/HackNite/sin-city/frontend/node_modules/@rollup/rollup-openbsd-x64'
224 silly reify ]
225 verbose reify failed optional dependency /Users/hemish/Desktop/HackNite/sin-city/frontend/node_modules/@rollup/rollup-linux-x64-musl
226 silly reify mark deleted [
226 silly reify   '/Users/hemish/Desktop/HackNite/sin-city/frontend/node_modules/@rollup/rollup-linux-x64-musl'
226 silly reify ]
227 verbose reify failed optional dependency /Users/hemish/Desktop/HackNite/sin-city/frontend/node_modules/@rollup/rollup-linux-x64-gnu
228 silly reify mark deleted [
228 silly reify   '/Users/hemish/Desktop/HackNite/sin-city/frontend/node_modules/@rollup/rollup-linux-x64-gnu'
228 silly reify ]
229 verbose reify failed optional dependency /Users/hemish/Desktop/HackNite/sin-city/frontend/node_modules/@rollup/rollup-linux-s390x-gnu
230 silly reify mark deleted [
230 silly reify   '/Users/hemish/Desktop/HackNite/sin-city/frontend/node_modules/@rollup/rollup-linux-s390x-gnu'
230 silly reify ]
231 verbose reify failed optional dependency /Users/hemish/Desktop/HackNite/sin-city/frontend/node_modules/@rollup/rollup-linux-riscv64-musl
232 silly reify mark deleted [
232 silly reify   '/Users/hemish/Desktop/HackNite/sin-city/frontend/node_modules/@rollup/rollup-linux-riscv64-musl'
232 silly reify ]
233 verbose reify failed optional dependency /Users/hemish/Desktop/HackNite/sin-city/frontend/node_modules/@rollup/rollup-linux-riscv64-gnu
234 silly reify mark deleted [
234 silly reify   '/Users/hemish/Desktop/HackNite/sin-city/frontend/node_modules/@rollup/rollup-linux-riscv64-gnu'
234 silly reify ]
235 verbose reify failed optional dependency /Users/hemish/Desktop/HackNite/sin-city/frontend/node_modules/@rollup/rollup-linux-ppc64-musl
236 silly reify mark deleted [
236 silly reify   '/Users/hemish/Desktop/HackNite/sin-city/frontend/node_modules/@rollup/rollup-linux-ppc64-musl'
236 silly reify ]
237 verbose reify failed optional dependency /Users/hemish/Desktop/HackNite/sin-city/frontend/node_modules/@rollup/rollup-linux-ppc64-gnu
238 silly reify mark deleted [
238 silly reify   '/Users/hemish/Desktop/HackNite/sin-city/frontend/node_modules/@rollup/rollup-linux-ppc64-gnu'
238 silly reify ]
239 verbose reify failed optional dependency /Users/hemish/Desktop/HackNite/sin-city/frontend/node_modules/@rollup/rollup-linux-loong64-musl
240 silly reify mark deleted [
240 silly reify   '/Users/hemish/Desktop/HackNite/sin-city/frontend/node_modules/@rollup/rollup-linux-loong64-musl'
240 silly reify ]
241 verbose reify failed optional dependency /Users/hemish/Desktop/HackNite/sin-city/frontend/node_modules/@rollup/rollup-linux-loong64-gnu
242 silly reify mark deleted [
242 silly reify   '/Users/hemish/Desktop/HackNite/sin-city/frontend/node_modules/@rollup/rollup-linux-loong64-gnu'
242 silly reify ]
243 verbose reify failed optional dependency /Users/hemish/Desktop/HackNite/sin-city/frontend/node_modules/@rollup/rollup-linux-arm64-musl
244 silly reify mark deleted [
244 silly reify   '/Users/hemish/Desktop/HackNite/sin-city/frontend/node_modules/@rollup/rollup-linux-arm64-musl'
244 silly reify ]
245 verbose reify failed optional dependency /Users/hemish/Desktop/HackNite/sin-city/frontend/node_modules/@rollup/rollup-linux-arm64-gnu
246 silly reify mark deleted [
246 silly reify   '/Users/hemish/Desktop/HackNite/sin-city/frontend/node_modules/@rollup/rollup-linux-arm64-gnu'
246 silly reify ]
247 verbose reify failed optional dependency /Users/hemish/Desktop/HackNite/sin-city/frontend/node_modules/@rollup/rollup-linux-arm-musleabihf
248 silly reify mark deleted [
248 silly reify   '/Users/hemish/Desktop/HackNite/sin-city/frontend/node_modules/@rollup/rollup-linux-arm-musleabihf'
248 silly reify ]
249 verbose reify failed optional dependency /Users/hemish/Desktop/HackNite/sin-city/frontend/node_modules/@rollup/rollup-linux-arm-gnueabihf
250 silly reify mark deleted [
250 silly reify   '/Users/hemish/Desktop/HackNite/sin-city/frontend/node_modules/@rollup/rollup-linux-arm-gnueabihf'
250 silly reify ]
251 verbose reify failed optional dependency /Users/hemish/Desktop/HackNite/sin-city/frontend/node_modules/@rollup/rollup-freebsd-x64
252 silly reify mark deleted [
252 silly reify   '/Users/hemish/Desktop/HackNite/sin-city/frontend/node_modules/@rollup/rollup-freebsd-x64'
252 silly reify ]
253 verbose reify failed optional dependency /Users/hemish/Desktop/HackNite/sin-city/frontend/node_modules/@rollup/rollup-freebsd-arm64
254 silly reify mark deleted [
254 silly reify   '/Users/hemish/Desktop/HackNite/sin-city/frontend/node_modules/@rollup/rollup-freebsd-arm64'
254 silly reify ]
255 verbose reify failed optional dependency /Users/hemish/Desktop/HackNite/sin-city/frontend/node_modules/@rollup/rollup-darwin-x64
256 silly reify mark deleted [
256 silly reify   '/Users/hemish/Desktop/HackNite/sin-city/frontend/node_modules/@rollup/rollup-darwin-x64'
256 silly reify ]
257 verbose reify failed optional dependency /Users/hemish/Desktop/HackNite/sin-city/frontend/node_modules/@rollup/rollup-android-arm64
258 silly reify mark deleted [
258 silly reify   '/Users/hemish/Desktop/HackNite/sin-city/frontend/node_modules/@rollup/rollup-android-arm64'
258 silly reify ]
259 verbose reify failed optional dependency /Users/hemish/Desktop/HackNite/sin-city/frontend/node_modules/@rollup/rollup-android-arm-eabi
260 silly reify mark deleted [
260 silly reify   '/Users/hemish/Desktop/HackNite/sin-city/frontend/node_modules/@rollup/rollup-android-arm-eabi'
260 silly reify ]
261 verbose reify failed optional dependency /Users/hemish/Desktop/HackNite/sin-city/frontend/node_modules/@esbuild/win32-x64
262 silly reify mark deleted [
262 silly reify   '/Users/hemish/Desktop/HackNite/sin-city/frontend/node_modules/@esbuild/win32-x64'
262 silly reify ]
263 verbose reify failed optional dependency /Users/hemish/Desktop/HackNite/sin-city/frontend/node_modules/@esbuild/win32-ia32
264 silly reify mark deleted [
264 silly reify   '/Users/hemish/Desktop/HackNite/sin-city/frontend/node_modules/@esbuild/win32-ia32'
264 silly reify ]
265 verbose reify failed optional dependency /Users/hemish/Desktop/HackNite/sin-city/frontend/node_modules/@esbuild/win32-arm64
266 silly reify mark deleted [
266 silly reify   '/Users/hemish/Desktop/HackNite/sin-city/frontend/node_modules/@esbuild/win32-arm64'
266 silly reify ]
267 verbose reify failed optional dependency /Users/hemish/Desktop/HackNite/sin-city/frontend/node_modules/@esbuild/sunos-x64
268 silly reify mark deleted [
268 silly reify   '/Users/hemish/Desktop/HackNite/sin-city/frontend/node_modules/@esbuild/sunos-x64'
268 silly reify ]
269 verbose reify failed optional dependency /Users/hemish/Desktop/HackNite/sin-city/frontend/node_modules/@esbuild/openbsd-x64
270 silly reify mark deleted [
270 silly reify   '/Users/hemish/Desktop/HackNite/sin-city/frontend/node_modules/@esbuild/openbsd-x64'
270 silly reify ]
271 verbose reify failed optional dependency /Users/hemish/Desktop/HackNite/sin-city/frontend/node_modules/@esbuild/netbsd-x64
272 silly reify mark deleted [
272 silly reify   '/Users/hemish/Desktop/HackNite/sin-city/frontend/node_modules/@esbuild/netbsd-x64'
272 silly reify ]
273 verbose reify failed optional dependency /Users/hemish/Desktop/HackNite/sin-city/frontend/node_modules/@esbuild/linux-x64
274 silly reify mark deleted [
274 silly reify   '/Users/hemish/Desktop/HackNite/sin-city/frontend/node_modules/@esbuild/linux-x64'
274 silly reify ]
275 verbose reify failed optional dependency /Users/hemish/Desktop/HackNite/sin-city/frontend/node_modules/@esbuild/linux-s390x
276 silly reify mark deleted [
276 silly reify   '/Users/hemish/Desktop/HackNite/sin-city/frontend/node_modules/@esbuild/linux-s390x'
276 silly reify ]
277 verbose reify failed optional dependency /Users/hemish/Desktop/HackNite/sin-city/frontend/node_modules/@esbuild/linux-riscv64
278 silly reify mark deleted [
278 silly reify   '/Users/hemish/Desktop/HackNite/sin-city/frontend/node_modules/@esbuild/linux-riscv64'
278 silly reify ]
279 verbose reify failed optional dependency /Users/hemish/Desktop/HackNite/sin-city/frontend/node_modules/@esbuild/linux-ppc64
280 silly reify mark deleted [
280 silly reify   '/Users/hemish/Desktop/HackNite/sin-city/frontend/node_modules/@esbuild/linux-ppc64'
280 silly reify ]
281 verbose reify failed optional dependency /Users/hemish/Desktop/HackNite/sin-city/frontend/node_modules/@esbuild/linux-mips64el
282 silly reify mark deleted [
282 silly reify   '/Users/hemish/Desktop/HackNite/sin-city/frontend/node_modules/@esbuild/linux-mips64el'
282 silly reify ]
283 verbose reify failed optional dependency /Users/hemish/Desktop/HackNite/sin-city/frontend/node_modules/@esbuild/linux-loong64
284 silly reify mark deleted [
284 silly reify   '/Users/hemish/Desktop/HackNite/sin-city/frontend/node_modules/@esbuild/linux-loong64'
284 silly reify ]
285 verbose reify failed optional dependency /Users/hemish/Desktop/HackNite/sin-city/frontend/node_modules/@esbuild/linux-ia32
286 silly reify mark deleted [
286 silly reify   '/Users/hemish/Desktop/HackNite/sin-city/frontend/node_modules/@esbuild/linux-ia32'
286 silly reify ]
287 verbose reify failed optional dependency /Users/hemish/Desktop/HackNite/sin-city/frontend/node_modules/@esbuild/linux-arm64
288 silly reify mark deleted [
288 silly reify   '/Users/hemish/Desktop/HackNite/sin-city/frontend/node_modules/@esbuild/linux-arm64'
288 silly reify ]
289 verbose reify failed optional dependency /Users/hemish/Desktop/HackNite/sin-city/frontend/node_modules/@esbuild/linux-arm
290 silly reify mark deleted [
290 silly reify   '/Users/hemish/Desktop/HackNite/sin-city/frontend/node_modules/@esbuild/linux-arm'
290 silly reify ]
291 verbose reify failed optional dependency /Users/hemish/Desktop/HackNite/sin-city/frontend/node_modules/@esbuild/freebsd-x64
292 silly reify mark deleted [
292 silly reify   '/Users/hemish/Desktop/HackNite/sin-city/frontend/node_modules/@esbuild/freebsd-x64'
292 silly reify ]
293 verbose reify failed optional dependency /Users/hemish/Desktop/HackNite/sin-city/frontend/node_modules/@esbuild/freebsd-arm64
294 silly reify mark deleted [
294 silly reify   '/Users/hemish/Desktop/HackNite/sin-city/frontend/node_modules/@esbuild/freebsd-arm64'
294 silly reify ]
295 verbose reify failed optional dependency /Users/hemish/Desktop/HackNite/sin-city/frontend/node_modules/@esbuild/darwin-x64
296 silly reify mark deleted [
296 silly reify   '/Users/hemish/Desktop/HackNite/sin-city/frontend/node_modules/@esbuild/darwin-x64'
296 silly reify ]
297 verbose reify failed optional dependency /Users/hemish/Desktop/HackNite/sin-city/frontend/node_modules/@esbuild/android-x64
298 silly reify mark deleted [
298 silly reify   '/Users/hemish/Desktop/HackNite/sin-city/frontend/node_modules/@esbuild/android-x64'
298 silly reify ]
299 verbose reify failed optional dependency /Users/hemish/Desktop/HackNite/sin-city/frontend/node_modules/@esbuild/android-arm64
300 silly reify mark deleted [
300 silly reify   '/Users/hemish/Desktop/HackNite/sin-city/frontend/node_modules/@esbuild/android-arm64'
300 silly reify ]
301 verbose reify failed optional dependency /Users/hemish/Desktop/HackNite/sin-city/frontend/node_modules/@esbuild/android-arm
302 silly reify mark deleted [
302 silly reify   '/Users/hemish/Desktop/HackNite/sin-city/frontend/node_modules/@esbuild/android-arm'
302 silly reify ]
303 verbose reify failed optional dependency /Users/hemish/Desktop/HackNite/sin-city/frontend/node_modules/@esbuild/aix-ppc64
304 silly reify mark deleted [
304 silly reify   '/Users/hemish/Desktop/HackNite/sin-city/frontend/node_modules/@esbuild/aix-ppc64'
304 silly reify ]
305 silly tarball no local data for thenify@https://registry.npmjs.org/thenify/-/thenify-3.3.1.tgz. Extracting by manifest.
306 silly tarball no local data for ts-interface-checker@https://registry.npmjs.org/ts-interface-checker/-/ts-interface-checker-0.1.13.tgz. Extracting by manifest.
307 silly tarball no local data for is-number@https://registry.npmjs.org/is-number/-/is-number-7.0.0.tgz. Extracting by manifest.
308 silly tarball no local data for any-promise@https://registry.npmjs.org/any-promise/-/any-promise-1.3.0.tgz. Extracting by manifest.
309 silly tarball no local data for mz@https://registry.npmjs.org/mz/-/mz-2.7.0.tgz. Extracting by manifest.
310 silly tarball no local data for lines-and-columns@https://registry.npmjs.org/lines-and-columns/-/lines-and-columns-1.2.4.tgz. Extracting by manifest.
311 silly tarball no local data for pirates@https://registry.npmjs.org/pirates/-/pirates-4.0.7.tgz. Extracting by manifest.
312 silly tarball no local data for object-assign@https://registry.npmjs.org/object-assign/-/object-assign-4.1.1.tgz. Extracting by manifest.
313 silly tarball no local data for thenify-all@https://registry.npmjs.org/thenify-all/-/thenify-all-1.6.0.tgz. Extracting by manifest.
314 silly tarball no local data for commander@https://registry.npmjs.org/commander/-/commander-4.1.1.tgz. Extracting by manifest.
315 silly tarball no local data for is-core-module@https://registry.npmjs.org/is-core-module/-/is-core-module-2.16.1.tgz. Extracting by manifest.
316 silly tarball no local data for queue-microtask@https://registry.npmjs.org/queue-microtask/-/queue-microtask-1.2.3.tgz. Extracting by manifest.
317 silly tarball no local data for path-parse@https://registry.npmjs.org/path-parse/-/path-parse-1.0.7.tgz. Extracting by manifest.
318 silly tarball no local data for pify@https://registry.npmjs.org/pify/-/pify-2.3.0.tgz. Extracting by manifest.
319 silly tarball no local data for read-cache@https://registry.npmjs.org/read-cache/-/read-cache-1.0.0.tgz. Extracting by manifest.
320 silly tarball no local data for util-deprecate@https://registry.npmjs.org/util-deprecate/-/util-deprecate-1.0.2.tgz. Extracting by manifest.
321 silly tarball no local data for camelcase-css@https://registry.npmjs.org/camelcase-css/-/camelcase-css-2.0.1.tgz. Extracting by manifest.
322 silly tarball no local data for binary-extensions@https://registry.npmjs.org/binary-extensions/-/binary-extensions-2.3.0.tgz. Extracting by manifest.
323 silly tarball no local data for cssesc@https://registry.npmjs.org/cssesc/-/cssesc-3.0.0.tgz. Extracting by manifest.
324 silly tarball no local data for supports-preserve-symlinks-flag@https://registry.npmjs.org/supports-preserve-symlinks-flag/-/supports-preserve-symlinks-flag-1.0.0.tgz. Extracting by manifest.
325 silly tarball no local data for to-regex-range@https://registry.npmjs.org/to-regex-range/-/to-regex-range-5.0.1.tgz. Extracting by manifest.
326 silly tarball no local data for merge2@https://registry.npmjs.org/merge2/-/merge2-1.4.1.tgz. Extracting by manifest.
327 silly tarball no local data for run-parallel@https://registry.npmjs.org/run-parallel/-/run-parallel-1.2.0.tgz. Extracting by manifest.
328 silly tarball no local data for fill-range@https://registry.npmjs.org/fill-range/-/fill-range-7.1.1.tgz. Extracting by manifest.
329 silly tarball no local data for @nodelib/fs.stat@https://registry.npmjs.org/@nodelib/fs.stat/-/fs.stat-2.0.5.tgz. Extracting by manifest.
330 silly tarball no local data for reusify@https://registry.npmjs.org/reusify/-/reusify-1.1.0.tgz. Extracting by manifest.
331 silly tarball no local data for readdirp@https://registry.npmjs.org/readdirp/-/readdirp-3.6.0.tgz. Extracting by manifest.
332 silly tarball no local data for braces@https://registry.npmjs.org/braces/-/braces-3.0.3.tgz. Extracting by manifest.
333 silly tarball no local data for anymatch@https://registry.npmjs.org/anymatch/-/anymatch-3.1.3.tgz. Extracting by manifest.
334 silly tarball no local data for is-binary-path@https://registry.npmjs.org/is-binary-path/-/is-binary-path-2.1.0.tgz. Extracting by manifest.
335 silly tarball no local data for sucrase@https://registry.npmjs.org/sucrase/-/sucrase-3.35.1.tgz. Extracting by manifest.
336 silly tarball no local data for fastq@https://registry.npmjs.org/fastq/-/fastq-1.20.1.tgz. Extracting by manifest.
337 silly tarball no local data for postcss-selector-parser@https://registry.npmjs.org/postcss-selector-parser/-/postcss-selector-parser-6.1.2.tgz. Extracting by manifest.
338 silly tarball no local data for resolve@https://registry.npmjs.org/resolve/-/resolve-1.22.11.tgz. Extracting by manifest.
339 silly tarball no local data for @nodelib/fs.walk@https://registry.npmjs.org/@nodelib/fs.walk/-/fs.walk-1.2.8.tgz. Extracting by manifest.
340 silly tarball no local data for @nodelib/fs.scandir@https://registry.npmjs.org/@nodelib/fs.scandir/-/fs.scandir-2.1.5.tgz. Extracting by manifest.
341 silly tarball no local data for postcss-load-config@https://registry.npmjs.org/postcss-load-config/-/postcss-load-config-6.0.1.tgz. Extracting by manifest.
342 silly tarball no local data for postcss-js@https://registry.npmjs.org/postcss-js/-/postcss-js-4.1.0.tgz. Extracting by manifest.
343 silly tarball no local data for object-hash@https://registry.npmjs.org/object-hash/-/object-hash-3.0.0.tgz. Extracting by manifest.
344 silly tarball no local data for postcss-nested@https://registry.npmjs.org/postcss-nested/-/postcss-nested-6.2.0.tgz. Extracting by manifest.
345 silly tarball no local data for postcss-import@https://registry.npmjs.org/postcss-import/-/postcss-import-15.1.0.tgz. Extracting by manifest.
346 silly tarball no local data for normalize-path@https://registry.npmjs.org/normalize-path/-/normalize-path-3.0.0.tgz. Extracting by manifest.
347 silly tarball no local data for jiti@https://registry.npmjs.org/jiti/-/jiti-1.21.7.tgz. Extracting by manifest.
348 silly tarball no local data for micromatch@https://registry.npmjs.org/micromatch/-/micromatch-4.0.8.tgz. Extracting by manifest.
349 silly tarball no local data for fast-glob@https://registry.npmjs.org/fast-glob/-/fast-glob-3.3.3.tgz. Extracting by manifest.
350 silly tarball no local data for didyoumean@https://registry.npmjs.org/didyoumean/-/didyoumean-1.2.2.tgz. Extracting by manifest.
351 silly tarball no local data for lilconfig@https://registry.npmjs.org/lilconfig/-/lilconfig-3.1.3.tgz. Extracting by manifest.
352 silly tarball no local data for dlv@https://registry.npmjs.org/dlv/-/dlv-1.1.3.tgz. Extracting by manifest.
353 silly tarball no local data for arg@https://registry.npmjs.org/arg/-/arg-5.0.2.tgz. Extracting by manifest.
354 silly tarball no local data for chokidar@https://registry.npmjs.org/chokidar/-/chokidar-3.6.0.tgz. Extracting by manifest.
355 silly tarball no local data for fraction.js@https://registry.npmjs.org/fraction.js/-/fraction.js-5.3.4.tgz. Extracting by manifest.
356 silly tarball no local data for postcss-value-parser@https://registry.npmjs.org/postcss-value-parser/-/postcss-value-parser-4.2.0.tgz. Extracting by manifest.
357 silly tarball no local data for tailwindcss@https://registry.npmjs.org/tailwindcss/-/tailwindcss-3.4.19.tgz. Extracting by manifest.
358 silly tarball no local data for @alloc/quick-lru@https://registry.npmjs.org/@alloc/quick-lru/-/quick-lru-5.2.0.tgz. Extracting by manifest.
359 silly tarball no local data for @types/howler@https://registry.npmjs.org/@types/howler/-/howler-2.2.12.tgz. Extracting by manifest.
360 silly tarball no local data for @types/canvas-confetti@https://registry.npmjs.org/@types/canvas-confetti/-/canvas-confetti-1.9.0.tgz. Extracting by manifest.
361 silly tarball no local data for picomatch@https://registry.npmjs.org/picomatch/-/picomatch-2.3.2.tgz. Extracting by manifest.
362 silly tarball no local data for glob-parent@https://registry.npmjs.org/glob-parent/-/glob-parent-5.1.2.tgz. Extracting by manifest.
363 silly tarball no local data for picomatch@https://registry.npmjs.org/picomatch/-/picomatch-2.3.2.tgz. Extracting by manifest.
364 silly tarball no local data for autoprefixer@https://registry.npmjs.org/autoprefixer/-/autoprefixer-10.4.27.tgz. Extracting by manifest.
365 silly tarball no local data for picomatch@https://registry.npmjs.org/picomatch/-/picomatch-2.3.2.tgz. Extracting by manifest.
366 silly tarball no local data for glob-parent@https://registry.npmjs.org/glob-parent/-/glob-parent-5.1.2.tgz. Extracting by manifest.
367 http fetch GET 200 https://registry.npmjs.org/thenify/-/thenify-3.3.1.tgz 97ms (cache miss)
368 http fetch GET 200 https://registry.npmjs.org/ts-interface-checker/-/ts-interface-checker-0.1.13.tgz 98ms (cache miss)
369 http fetch GET 200 https://registry.npmjs.org/is-number/-/is-number-7.0.0.tgz 97ms (cache miss)
370 http fetch GET 200 https://registry.npmjs.org/pirates/-/pirates-4.0.7.tgz 96ms (cache miss)
371 http fetch GET 200 https://registry.npmjs.org/mz/-/mz-2.7.0.tgz 97ms (cache miss)
372 http fetch GET 200 https://registry.npmjs.org/object-assign/-/object-assign-4.1.1.tgz 96ms (cache miss)
373 http fetch GET 200 https://registry.npmjs.org/lines-and-columns/-/lines-and-columns-1.2.4.tgz 120ms (cache miss)
374 http fetch GET 200 https://registry.npmjs.org/any-promise/-/any-promise-1.3.0.tgz 120ms (cache miss)
375 http fetch GET 200 https://registry.npmjs.org/read-cache/-/read-cache-1.0.0.tgz 133ms (cache miss)
376 http fetch GET 200 https://registry.npmjs.org/cssesc/-/cssesc-3.0.0.tgz 147ms (cache miss)
377 http fetch GET 200 https://registry.npmjs.org/binary-extensions/-/binary-extensions-2.3.0.tgz 148ms (cache miss)
378 http fetch GET 200 https://registry.npmjs.org/camelcase-css/-/camelcase-css-2.0.1.tgz 148ms (cache miss)
379 http fetch GET 200 https://registry.npmjs.org/util-deprecate/-/util-deprecate-1.0.2.tgz 148ms (cache miss)
380 http fetch GET 200 https://registry.npmjs.org/supports-preserve-symlinks-flag/-/supports-preserve-symlinks-flag-1.0.0.tgz 151ms (cache miss)
381 http fetch GET 200 https://registry.npmjs.org/merge2/-/merge2-1.4.1.tgz 180ms (cache miss)
382 http fetch GET 200 https://registry.npmjs.org/to-regex-range/-/to-regex-range-5.0.1.tgz 180ms (cache miss)
383 http fetch GET 200 https://registry.npmjs.org/path-parse/-/path-parse-1.0.7.tgz 184ms (cache miss)
384 http fetch GET 200 https://registry.npmjs.org/pify/-/pify-2.3.0.tgz 185ms (cache miss)
385 http fetch GET 200 https://registry.npmjs.org/thenify-all/-/thenify-all-1.6.0.tgz 198ms (cache miss)
386 http fetch GET 200 https://registry.npmjs.org/run-parallel/-/run-parallel-1.2.0.tgz 201ms (cache miss)
387 http fetch GET 200 https://registry.npmjs.org/fill-range/-/fill-range-7.1.1.tgz 201ms (cache miss)
388 http fetch GET 200 https://registry.npmjs.org/queue-microtask/-/queue-microtask-1.2.3.tgz 205ms (cache miss)
389 http fetch GET 200 https://registry.npmjs.org/readdirp/-/readdirp-3.6.0.tgz 222ms (cache miss)
390 http fetch GET 200 https://registry.npmjs.org/is-core-module/-/is-core-module-2.16.1.tgz 253ms (cache miss)
391 http fetch GET 200 https://registry.npmjs.org/is-binary-path/-/is-binary-path-2.1.0.tgz 248ms (cache miss)
392 http fetch GET 200 https://registry.npmjs.org/anymatch/-/anymatch-3.1.3.tgz 248ms (cache miss)
393 http fetch GET 200 https://registry.npmjs.org/reusify/-/reusify-1.1.0.tgz 249ms (cache miss)
394 http fetch GET 200 https://registry.npmjs.org/braces/-/braces-3.0.3.tgz 251ms (cache miss)
395 http fetch GET 200 https://registry.npmjs.org/@nodelib/fs.stat/-/fs.stat-2.0.5.tgz 262ms (cache miss)
396 http fetch GET 200 https://registry.npmjs.org/commander/-/commander-4.1.1.tgz 268ms (cache miss)
397 http fetch GET 200 https://registry.npmjs.org/@nodelib/fs.scandir/-/fs.scandir-2.1.5.tgz 271ms (cache miss)
398 http fetch GET 200 https://registry.npmjs.org/@nodelib/fs.walk/-/fs.walk-1.2.8.tgz 271ms (cache miss)
399 http fetch GET 200 https://registry.npmjs.org/postcss-load-config/-/postcss-load-config-6.0.1.tgz 275ms (cache miss)
400 http fetch GET 200 https://registry.npmjs.org/fastq/-/fastq-1.20.1.tgz 281ms (cache miss)
401 http fetch GET 200 https://registry.npmjs.org/postcss-selector-parser/-/postcss-selector-parser-6.1.2.tgz 308ms (cache miss)
402 http fetch GET 200 https://registry.npmjs.org/postcss-nested/-/postcss-nested-6.2.0.tgz 313ms (cache miss)
403 http fetch GET 200 https://registry.npmjs.org/postcss-js/-/postcss-js-4.1.0.tgz 319ms (cache miss)
404 http fetch GET 200 https://registry.npmjs.org/normalize-path/-/normalize-path-3.0.0.tgz 320ms (cache miss)
405 http fetch POST 200 https://registry.npmjs.org/-/npm/v1/security/advisories/bulk 350ms
406 silly audit report {
406 silly audit report   esbuild: [
406 silly audit report     {
406 silly audit report       id: 1102341,
406 silly audit report       url: 'https://github.com/advisories/GHSA-67mh-4wv8-2f99',
406 silly audit report       title: 'esbuild enables any website to send any requests to the development server and read the response',
406 silly audit report       severity: 'moderate',
406 silly audit report       vulnerable_versions: '<=0.24.2',
406 silly audit report       cwe: [Array],
406 silly audit report       cvss: [Object]
406 silly audit report     }
406 silly audit report   ],
406 silly audit report   vite: [
406 silly audit report     {
406 silly audit report       id: 1116229,
406 silly audit report       url: 'https://github.com/advisories/GHSA-4w7w-66w2-5vf9',
406 silly audit report       title: 'Vite Vulnerable to Path Traversal in Optimized Deps `.map` Handling',
406 silly audit report       severity: 'moderate',
406 silly audit report       vulnerable_versions: '<=6.4.1',
406 silly audit report       cwe: [Array],
406 silly audit report       cvss: [Object]
406 silly audit report     }
406 silly audit report   ]
406 silly audit report }
407 http fetch GET 200 https://registry.npmjs.org/object-hash/-/object-hash-3.0.0.tgz 331ms (cache miss)
408 http fetch GET 200 https://registry.npmjs.org/lilconfig/-/lilconfig-3.1.3.tgz 331ms (cache miss)
409 http fetch GET 200 https://registry.npmjs.org/esbuild 7ms (cache hit)
410 http fetch GET 200 https://registry.npmjs.org/vite 11ms (cache hit)
411 http fetch GET 200 https://registry.npmjs.org/resolve/-/resolve-1.22.11.tgz 358ms (cache miss)
412 http fetch GET 200 https://registry.npmjs.org/@vitejs%2fplugin-react 6ms (cache hit)
413 http fetch GET 200 https://registry.npmjs.org/didyoumean/-/didyoumean-1.2.2.tgz 432ms (cache miss)
414 http fetch GET 200 https://registry.npmjs.org/micromatch/-/micromatch-4.0.8.tgz 433ms (cache miss)
415 http fetch GET 200 https://registry.npmjs.org/postcss-import/-/postcss-import-15.1.0.tgz 434ms (cache miss)
416 http fetch GET 200 https://registry.npmjs.org/fast-glob/-/fast-glob-3.3.3.tgz 434ms (cache miss)
417 http fetch GET 200 https://registry.npmjs.org/postcss-value-parser/-/postcss-value-parser-4.2.0.tgz 443ms (cache miss)
418 http fetch GET 200 https://registry.npmjs.org/arg/-/arg-5.0.2.tgz 446ms (cache miss)
419 http fetch GET 200 https://registry.npmjs.org/dlv/-/dlv-1.1.3.tgz 447ms (cache miss)
420 http fetch GET 200 https://registry.npmjs.org/chokidar/-/chokidar-3.6.0.tgz 446ms (cache miss)
421 http fetch GET 200 https://registry.npmjs.org/fraction.js/-/fraction.js-5.3.4.tgz 475ms (cache miss)
422 http fetch GET 200 https://registry.npmjs.org/sucrase/-/sucrase-3.35.1.tgz 489ms (cache miss)
423 http fetch GET 200 https://registry.npmjs.org/@types/howler/-/howler-2.2.12.tgz 496ms (cache miss)
424 http fetch GET 200 https://registry.npmjs.org/glob-parent/-/glob-parent-5.1.2.tgz 505ms (cache miss)
425 http fetch GET 200 https://registry.npmjs.org/picomatch/-/picomatch-2.3.2.tgz 506ms (cache miss)
426 http fetch GET 200 https://registry.npmjs.org/@alloc/quick-lru/-/quick-lru-5.2.0.tgz 520ms (cache miss)
427 http fetch GET 200 https://registry.npmjs.org/picomatch/-/picomatch-2.3.2.tgz 530ms (cache miss)
428 http fetch GET 200 https://registry.npmjs.org/@types/canvas-confetti/-/canvas-confetti-1.9.0.tgz 531ms (cache miss)
429 http fetch GET 200 https://registry.npmjs.org/autoprefixer/-/autoprefixer-10.4.27.tgz 542ms (cache miss)
430 http fetch GET 200 https://registry.npmjs.org/picomatch/-/picomatch-2.3.2.tgz 551ms (cache miss)
431 http fetch GET 200 https://registry.npmjs.org/glob-parent/-/glob-parent-5.1.2.tgz 547ms (cache miss)
432 http fetch GET 200 https://registry.npmjs.org/tailwindcss/-/tailwindcss-3.4.19.tgz 748ms (cache miss)
433 http fetch GET 200 https://registry.npmjs.org/jiti/-/jiti-1.21.7.tgz 1029ms (cache miss)
434 silly ADD node_modules/is-number
435 silly ADD node_modules/thenify
436 silly ADD node_modules/thenify-all
437 silly ADD node_modules/object-assign
438 silly ADD node_modules/any-promise
439 silly ADD node_modules/ts-interface-checker
440 silly ADD node_modules/pirates
441 silly ADD node_modules/mz
442 silly ADD node_modules/lines-and-columns
443 silly ADD node_modules/commander
444 silly ADD node_modules/queue-microtask
445 silly ADD node_modules/supports-preserve-symlinks-flag
446 silly ADD node_modules/path-parse
447 silly ADD node_modules/is-core-module
448 silly ADD node_modules/pify
449 silly ADD node_modules/util-deprecate
450 silly ADD node_modules/cssesc
451 silly ADD node_modules/camelcase-css
452 silly ADD node_modules/read-cache
453 silly ADD node_modules/binary-extensions
454 silly ADD node_modules/to-regex-range
455 silly ADD node_modules/reusify
456 silly ADD node_modules/run-parallel
457 silly ADD node_modules/fastq
458 silly ADD node_modules/@nodelib/fs.scandir
459 silly ADD node_modules/merge2
460 silly ADD node_modules/@nodelib/fs.walk
461 silly ADD node_modules/@nodelib/fs.stat
462 silly ADD node_modules/fill-range
463 silly ADD node_modules/readdirp
464 silly ADD node_modules/readdirp/node_modules/picomatch
465 silly ADD node_modules/is-binary-path
466 silly ADD node_modules/braces
467 silly ADD node_modules/anymatch
468 silly ADD node_modules/anymatch/node_modules/picomatch
469 silly ADD node_modules/sucrase
470 silly ADD node_modules/resolve
471 silly ADD node_modules/postcss-selector-parser
472 silly ADD node_modules/postcss-nested
473 silly ADD node_modules/postcss-load-config
474 silly ADD node_modules/postcss-js
475 silly ADD node_modules/postcss-import
476 silly ADD node_modules/object-hash
477 silly ADD node_modules/normalize-path
478 silly ADD node_modules/micromatch
479 silly ADD node_modules/micromatch/node_modules/picomatch
480 silly ADD node_modules/lilconfig
481 silly ADD node_modules/jiti
482 silly ADD node_modules/fast-glob
483 silly ADD node_modules/fast-glob/node_modules/glob-parent
484 silly ADD node_modules/dlv
485 silly ADD node_modules/didyoumean
486 silly ADD node_modules/chokidar
487 silly ADD node_modules/chokidar/node_modules/glob-parent
488 silly ADD node_modules/arg
489 silly ADD node_modules/@alloc/quick-lru
490 silly ADD node_modules/postcss-value-parser
491 silly ADD node_modules/fraction.js
492 silly ADD node_modules/tailwindcss
493 silly ADD node_modules/autoprefixer
494 silly ADD node_modules/@types/howler
495 silly ADD node_modules/@types/canvas-confetti
496 silly ADD
497 silly ADD
498 silly ADD
499 silly ADD
500 silly ADD
501 silly ADD
502 silly ADD
503 silly ADD
504 silly ADD
505 silly ADD
506 silly ADD
507 silly ADD
508 silly ADD
509 silly ADD
510 silly ADD
511 silly ADD
512 silly ADD
513 silly ADD
514 silly ADD
515 silly ADD
516 silly ADD
517 silly ADD
518 silly ADD
519 silly ADD
520 silly ADD
521 silly ADD
522 silly ADD
523 silly ADD
524 silly ADD
525 silly ADD
526 silly ADD
527 silly ADD
528 silly ADD
529 silly ADD
530 silly ADD
531 silly ADD
532 silly ADD
533 silly ADD
534 silly ADD
535 silly ADD
536 silly ADD
537 silly ADD
538 silly ADD
539 silly ADD
540 silly ADD
541 silly ADD
542 verbose exit 0
543 info ok
